2025-06-27 00:10:50,120 - INFO - [31m[1mWARNING: This is a development server. Do not use it in a production deployment. Use a production WSGI server instead.[0m
 * Running on http://127.0.0.1:5000
2025-06-27 00:10:50,120 - INFO - [33mPress CTRL+C to quit[0m
2025-06-27 00:10:50,122 - INFO -  * Restarting with stat
2025-06-27 00:10:52,706 - WARNING -  * Debugger is active!
2025-06-27 00:10:52,711 - INFO -  * Debugger PIN: 118-717-105
2025-06-27 00:10:54,722 - INFO - 127.0.0.1 - - [27/Jun/2025 00:10:54] "GET / HTTP/1.1" 200 -
2025-06-27 00:10:55,040 - INFO - 127.0.0.1 - - [27/Jun/2025 00:10:55] "GET /static/css/anvay.css HTTP/1.1" 200 -
2025-06-27 00:10:55,449 - INFO - 127.0.0.1 - - [27/Jun/2025 00:10:55] "GET /static/logo.png HTTP/1.1" 200 -
2025-06-27 00:11:54,588 - INFO - adding document #0 to Dictionary<0 unique tokens: []>
2025-06-27 00:11:54,774 - INFO - built Dictionary<62744 unique tokens: ['অকালপক্কদের', 'অকূলের', 'অকৃতার্থ', 'অক্ষমের', 'অক্ষরও']...> from 65 documents (total 93918 corpus positions)
2025-06-27 00:11:54,775 - DEBUG - starting a new internal lifecycle event log for Dictionary
2025-06-27 00:11:54,775 - INFO - Dictionary lifecycle event {'msg': "built Dictionary<62744 unique tokens: ['অকালপক্কদের', 'অকূলের', 'অকৃতার্থ', 'অক্ষমের', 'অক্ষরও']...> from 65 documents (total 93918 corpus positions)", 'datetime': '2025-06-27T00:11:54.774467', 'gensim': '4.3.3', 'python': '3.9.0 (tags/v3.9.0:9cf6752, Oct  5 2020, 15:34:40) [MSC v.1927 64 bit (AMD64)]', 'platform': 'Windows-10-10.0.19041-SP0', 'event': 'created'}
2025-06-27 00:11:54,826 - INFO - discarding 58495 tokens: [('অকালপক্কদের', 1), ('অকৃতার্থ', 2), ('অক্ষমের', 2), ('অগতির', 2), ('অঙ্কশাস্ত্রটাই', 1), ('অঙ্গীওরে', 1), ('অচলায়তন', 2), ('অচলায়তনেপঞ্চক', 2), ('অচলায়তনেরই', 2), ('অচিন', 1)]...
2025-06-27 00:11:54,827 - INFO - keeping 4249 tokens which were in no less than 3 and no more than 52 (=80.0%) documents
2025-06-27 00:11:54,843 - DEBUG - rebuilding dictionary, shrinking gaps
2025-06-27 00:11:54,849 - INFO - resulting dictionary: Dictionary<4249 unique tokens: ['অকূলের', 'অক্ষরও', 'অচেনার', 'অতটুকু', 'অতিক্রম']...>
2025-06-27 00:11:54,891 - INFO - using symmetric alpha at 0.1
2025-06-27 00:11:54,891 - INFO - using symmetric eta at 0.1
2025-06-27 00:11:54,892 - INFO - using serial LDA version on this node
2025-06-27 00:11:54,896 - INFO - running online LDA training, 10 topics, 10 passes over the supplied corpus of 65 documents, updating every 200 documents, evaluating every ~65 documents, iterating 40x with a convergence threshold of 0.001000
2025-06-27 00:11:54,897 - INFO - training LDA model using 1 processes
2025-06-27 00:11:57,030 - DEBUG - worker process entering E-step loop
2025-06-27 00:11:57,031 - DEBUG - getting a new job
2025-06-27 00:11:57,032 - INFO - PROGRESS: pass 0, dispatched chunk #0 = documents up to #65/65, outstanding queue size 1
2025-06-27 00:11:57,036 - DEBUG - processing chunk #0 of 65 documents
2025-06-27 00:11:57,038 - DEBUG - performing inference on a chunk of 65 documents
2025-06-27 00:11:57,085 - DEBUG - 4/65 documents converged within 40 iterations
2025-06-27 00:11:57,085 - DEBUG - processed chunk, queuing the result
2025-06-27 00:11:57,086 - DEBUG - result put
2025-06-27 00:11:57,086 - DEBUG - getting a new job
2025-06-27 00:11:57,087 - DEBUG - updating topics
2025-06-27 00:11:57,091 - INFO - topic #4 (0.100): 0.001*"বস্তু" + 0.001*"প্রাণীর" + 0.001*"মীমাংসা" + 0.001*"ঐক্য" + 0.001*"ইংরাজি" + 0.001*"কৃত্রিম" + 0.001*"যদিই" + 0.001*"মধ্যম" + 0.001*"যেসকল" + 0.001*"বর্ণ"
2025-06-27 00:11:57,091 - INFO - topic #5 (0.100): 0.001*"সভয়" + 0.001*"খোঁড়া" + 0.001*"পট্" + 0.001*"কাঁদা" + 0.001*"ভাঙি" + 0.001*"হারাধন" + 0.001*"সইল" + 0.001*"দুপুরবেলা" + 0.001*"বাড়তে" + 0.001*"কিল"
2025-06-27 00:11:57,092 - INFO - topic #0 (0.100): 0.001*"মালিনীর" + 0.001*"গহনা" + 0.001*"বিপ্র" + 0.001*"রাক্ষস" + 0.001*"ঝরো" + 0.001*"অশ্রুজলে" + 0.001*"হোটেল" + 0.001*"চেন" + 0.001*"মহারাজরাজা" + 0.001*"লঘু"
2025-06-27 00:11:57,092 - INFO - topic #6 (0.100): 0.002*"ঝাড়তে" + 0.001*"তাহা" + 0.001*"ভাইকে" + 0.001*"নিয়ত" + 0.001*"বাঁচলুম" + 0.001*"শশব্যস্ত" + 0.001*"নিহত" + 0.001*"অহো" + 0.001*"একটাও" + 0.001*"কা"
2025-06-27 00:11:57,093 - INFO - topic #1 (0.100): 0.002*"ছাপিয়ে" + 0.002*"কন্" + 0.001*"পড়িতে" + 0.001*"নাড়ী" + 0.001*"নেত্রে" + 0.001*"পুনশ্চ" + 0.001*"খোকা" + 0.001*"এন্" + 0.001*"ড্" + 0.001*"সবল"
2025-06-27 00:11:57,093 - INFO - topic diff=0.968726, rho=1.000000
2025-06-27 00:11:57,096 - DEBUG - bound: at document #0
2025-06-27 00:11:57,187 - INFO - -10.536 per-word bound, 1484.4 perplexity estimate based on a held-out corpus of 65 documents with 20006 words
2025-06-27 00:11:57,187 - INFO - PROGRESS: pass 1, dispatched chunk #0 = documents up to #65/65, outstanding queue size 1
2025-06-27 00:11:57,192 - DEBUG - processing chunk #0 of 65 documents
2025-06-27 00:11:57,194 - DEBUG - performing inference on a chunk of 65 documents
2025-06-27 00:11:57,233 - DEBUG - 32/65 documents converged within 40 iterations
2025-06-27 00:11:57,234 - DEBUG - processed chunk, queuing the result
2025-06-27 00:11:57,234 - DEBUG - result put
2025-06-27 00:11:57,234 - DEBUG - getting a new job
2025-06-27 00:11:57,235 - DEBUG - updating topics
2025-06-27 00:11:57,238 - INFO - topic #8 (0.100): 0.003*"ধর্মকে" + 0.002*"প্রাচীরের" + 0.002*"কলিযুগের" + 0.002*"থামায়" + 0.002*"খিড়কির" + 0.002*"আঁক" + 0.002*"তোপ্রথম" + 0.002*"ছেলেগুলো" + 0.002*"এরাই" + 0.002*"রাজপথ"
2025-06-27 00:11:57,239 - INFO - topic #3 (0.100): 0.002*"মন্ত্রীমশায়" + 0.002*"ইহা" + 0.002*"চাকা" + 0.002*"সখীদের" + 0.002*"ওরাই" + 0.002*"ডেকেছেন" + 0.002*"হাহা" + 0.002*"মায়াজাল" + 0.002*"শিবের" + 0.002*"চিন্তায়"
2025-06-27 00:11:57,239 - INFO - topic #0 (0.100): 0.002*"রাক্ষস" + 0.002*"দণ্ডে" + 0.002*"প্রতিমা" + 0.002*"ঋতুরাজ" + 0.002*"পিসে" + 0.002*"লঘু" + 0.002*"বিপ্র" + 0.002*"নিতাই" + 0.002*"মায়াবিনী" + 0.002*"গহনা"
2025-06-27 00:11:57,240 - INFO - topic #6 (0.100): 0.002*"ঝাড়তে" + 0.002*"কা" + 0.002*"হনুমান" + 0.001*"ভোগের" + 0.001*"নাড়ির" + 0.001*"তে" + 0.001*"প্রাণদণ্ড" + 0.001*"গুরুজির" + 0.001*"প্রতিহারী" + 0.001*"ইচ্ছের"
2025-06-27 00:11:57,240 - INFO - topic #5 (0.100): 0.003*"খোঁড়া" + 0.002*"সভয়" + 0.002*"কবিরাজের" + 0.002*"কহ" + 0.002*"দুপুরবেলা" + 0.002*"আয়না" + 0.002*"তারেই" + 0.001*"ম্লেচ্ছ" + 0.001*"খেলনা" + 0.001*"বেচতে"
2025-06-27 00:11:57,240 - INFO - topic diff=1.577731, rho=0.655826
2025-06-27 00:11:57,243 - DEBUG - bound: at document #0
2025-06-27 00:11:57,321 - INFO - -9.404 per-word bound, 677.4 perplexity estimate based on a held-out corpus of 65 documents with 20006 words
2025-06-27 00:11:57,321 - INFO - PROGRESS: pass 2, dispatched chunk #0 = documents up to #65/65, outstanding queue size 1
2025-06-27 00:11:57,326 - DEBUG - processing chunk #0 of 65 documents
2025-06-27 00:11:57,328 - DEBUG - performing inference on a chunk of 65 documents
2025-06-27 00:11:57,356 - DEBUG - 60/65 documents converged within 40 iterations
2025-06-27 00:11:57,356 - DEBUG - processed chunk, queuing the result
2025-06-27 00:11:57,357 - DEBUG - result put
2025-06-27 00:11:57,357 - DEBUG - getting a new job
2025-06-27 00:11:57,357 - DEBUG - updating topics
2025-06-27 00:11:57,361 - INFO - topic #1 (0.100): 0.004*"খোকা" + 0.003*"কন্" + 0.003*"ন্" + 0.002*"ছাপিয়ে" + 0.002*"করিস্" + 0.002*"ইস্" + 0.002*"উপসর্গ" + 0.002*"জুতোর" + 0.002*"অগাধ" + 0.002*"নারায়ণ"
2025-06-27 00:11:57,362 - INFO - topic #7 (0.100): 0.004*"বিচ্ছেদের" + 0.004*"পশ্চাৎ" + 0.003*"মজার" + 0.003*"অঞ্জলি" + 0.002*"পথই" + 0.002*"নবীনকে" + 0.002*"লাখ" + 0.002*"নেও" + 0.002*"কালী" + 0.002*"প্রবেশদ্বিতীয়"
2025-06-27 00:11:57,363 - INFO - topic #3 (0.100): 0.003*"মন্ত্রীমশায়" + 0.003*"ইহা" + 0.003*"চাকা" + 0.003*"সখীদের" + 0.002*"হাহা" + 0.002*"ওরাই" + 0.002*"ডেকেছেন" + 0.002*"ঢাল্" + 0.002*"মায়াজাল" + 0.002*"শিবের"
2025-06-27 00:11:57,363 - INFO - topic #2 (0.100): 0.004*"রাগিণীর" + 0.003*"ঝরো" + 0.003*"খনে" + 0.003*"আগমনী" + 0.003*"পড়িছে" + 0.002*"মর্ত্যে" + 0.002*"শিউলি" + 0.002*"নামো" + 0.002*"একদিক" + 0.002*"মহারাজরাজা"
2025-06-27 00:11:57,364 - INFO - topic #5 (0.100): 0.003*"খোঁড়া" + 0.003*"কহ" + 0.002*"সভয়" + 0.002*"কবিরাজের" + 0.002*"দুপুরবেলা" + 0.002*"আয়না" + 0.002*"তারেই" + 0.002*"ম্লেচ্ছ" + 0.002*"কওয়া" + 0.002*"খেলনা"
2025-06-27 00:11:57,364 - INFO - topic diff=1.368118, rho=0.548408
2025-06-27 00:11:57,367 - DEBUG - bound: at document #0
2025-06-27 00:11:57,440 - INFO - -8.990 per-word bound, 508.6 perplexity estimate based on a held-out corpus of 65 documents with 20006 words
2025-06-27 00:11:57,441 - INFO - PROGRESS: pass 3, dispatched chunk #0 = documents up to #65/65, outstanding queue size 1
2025-06-27 00:11:57,445 - DEBUG - processing chunk #0 of 65 documents
2025-06-27 00:11:57,447 - DEBUG - performing inference on a chunk of 65 documents
2025-06-27 00:11:57,468 - DEBUG - 65/65 documents converged within 40 iterations
2025-06-27 00:11:57,469 - DEBUG - processed chunk, queuing the result
2025-06-27 00:11:57,469 - DEBUG - result put
2025-06-27 00:11:57,470 - DEBUG - getting a new job
2025-06-27 00:11:57,470 - DEBUG - updating topics
2025-06-27 00:11:57,474 - INFO - topic #8 (0.100): 0.003*"ধর্মকে" + 0.003*"প্রাচীরের" + 0.003*"থামায়" + 0.003*"আঁক" + 0.003*"তোপ্রথম" + 0.003*"কলিযুগের" + 0.002*"খিড়কির" + 0.002*"এরাই" + 0.002*"ছেলেগুলো" + 0.002*"রাজপথ"
2025-06-27 00:11:57,474 - INFO - topic #0 (0.100): 0.004*"দণ্ডে" + 0.003*"প্রতিমা" + 0.003*"রাক্ষস" + 0.003*"পিসে" + 0.003*"গহনা" + 0.003*"বিপ্র" + 0.003*"ঋতুরাজ" + 0.003*"লঘু" + 0.003*"নিতাই" + 0.003*"মালিনীর"
2025-06-27 00:11:57,475 - INFO - topic #5 (0.100): 0.004*"খোঁড়া" + 0.003*"কহ" + 0.003*"সভয়" + 0.002*"কবিরাজের" + 0.002*"দুপুরবেলা" + 0.002*"আয়না" + 0.002*"তারেই" + 0.002*"ম্লেচ্ছ" + 0.002*"কওয়া" + 0.002*"খেলনা"
2025-06-27 00:11:57,475 - INFO - topic #6 (0.100): 0.002*"কা" + 0.002*"হনুমান" + 0.002*"ভোগের" + 0.002*"ঝাড়তে" + 0.002*"নাড়ির" + 0.002*"তে" + 0.002*"প্রাণদণ্ড" + 0.002*"গুরুজির" + 0.002*"প্রতিহারী" + 0.002*"চামড়া"
2025-06-27 00:11:57,475 - INFO - topic #4 (0.100): 0.002*"মধ্যম" + 0.002*"দক্ষিনে" + 0.002*"জিতে" + 0.001*"কবিশেখর" + 0.001*"সাধারণ" + 0.001*"বস্তু" + 0.001*"সমারোহ" + 0.001*"ঘরটা" + 0.001*"সনে" + 0.001*"মর্জি"
2025-06-27 00:11:57,476 - INFO - topic diff=1.006315, rho=0.480847
2025-06-27 00:11:57,479 - DEBUG - bound: at document #0
2025-06-27 00:11:57,552 - INFO - -8.829 per-word bound, 454.8 perplexity estimate based on a held-out corpus of 65 documents with 20006 words
2025-06-27 00:11:57,552 - INFO - PROGRESS: pass 4, dispatched chunk #0 = documents up to #65/65, outstanding queue size 1
2025-06-27 00:11:57,556 - DEBUG - processing chunk #0 of 65 documents
2025-06-27 00:11:57,558 - DEBUG - performing inference on a chunk of 65 documents
2025-06-27 00:11:57,581 - DEBUG - 63/65 documents converged within 40 iterations
2025-06-27 00:11:57,582 - DEBUG - processed chunk, queuing the result
2025-06-27 00:11:57,582 - DEBUG - result put
2025-06-27 00:11:57,583 - DEBUG - getting a new job
2025-06-27 00:11:57,583 - DEBUG - updating topics
2025-06-27 00:11:57,587 - INFO - topic #4 (0.100): 0.002*"মধ্যম" + 0.002*"দক্ষিনে" + 0.002*"জিতে" + 0.002*"কবিশেখর" + 0.002*"সাধারণ" + 0.001*"বস্তু" + 0.001*"ঘরটা" + 0.001*"সমারোহ" + 0.001*"কৌতূহল" + 0.001*"সনে"
2025-06-27 00:11:57,587 - INFO - topic #8 (0.100): 0.003*"ধর্মকে" + 0.003*"প্রাচীরের" + 0.003*"থামায়" + 0.003*"আঁক" + 0.003*"তোপ্রথম" + 0.003*"কলিযুগের" + 0.003*"খিড়কির" + 0.002*"এরাই" + 0.002*"ছেলেগুলো" + 0.002*"রাজপথ"
2025-06-27 00:11:57,587 - INFO - topic #1 (0.100): 0.004*"খোকা" + 0.003*"কন্" + 0.003*"ন্" + 0.003*"উপসর্গ" + 0.003*"অগাধ" + 0.003*"করিবারে" + 0.002*"ছাপিয়ে" + 0.002*"করিস্" + 0.002*"ইস্" + 0.002*"জুতোর"
2025-06-27 00:11:57,588 - INFO - topic #7 (0.100): 0.005*"বিচ্ছেদের" + 0.004*"পশ্চাৎ" + 0.004*"কালী" + 0.003*"মজার" + 0.003*"অঞ্জলি" + 0.003*"পথই" + 0.003*"নবীনকে" + 0.003*"লাখ" + 0.003*"নেও" + 0.003*"প্রবেশদ্বিতীয়"
2025-06-27 00:11:57,588 - INFO - topic #5 (0.100): 0.004*"খোঁড়া" + 0.003*"কহ" + 0.003*"সভয়" + 0.003*"কওয়া" + 0.003*"কবিরাজের" + 0.003*"দুপুরবেলা" + 0.002*"আয়না" + 0.002*"তারেই" + 0.002*"ম্লেচ্ছ" + 0.002*"কলঙ্ক"
2025-06-27 00:11:57,588 - INFO - topic diff=0.697635, rho=0.433351
2025-06-27 00:11:57,591 - DEBUG - bound: at document #0
2025-06-27 00:11:57,663 - INFO - -8.758 per-word bound, 433.1 perplexity estimate based on a held-out corpus of 65 documents with 20006 words
2025-06-27 00:11:57,664 - INFO - PROGRESS: pass 5, dispatched chunk #0 = documents up to #65/65, outstanding queue size 1
2025-06-27 00:11:57,668 - DEBUG - processing chunk #0 of 65 documents
2025-06-27 00:11:57,670 - DEBUG - performing inference on a chunk of 65 documents
2025-06-27 00:11:57,693 - DEBUG - 65/65 documents converged within 40 iterations
2025-06-27 00:11:57,694 - DEBUG - processed chunk, queuing the result
2025-06-27 00:11:57,694 - DEBUG - result put
2025-06-27 00:11:57,694 - DEBUG - getting a new job
2025-06-27 00:11:57,694 - DEBUG - updating topics
2025-06-27 00:11:57,698 - INFO - topic #9 (0.100): 0.001*"ঠাকুরধনঞ্জয়" + 0.001*"খুড়া" + 0.001*"শুতে" + 0.001*"প্রহরীরা" + 0.001*"মহারাজার" + 0.001*"বাঁধবে" + 0.001*"বাড়িটা" + 0.001*"রেখেছিলেন" + 0.001*"বারান্দা" + 0.001*"মরবি"
2025-06-27 00:11:57,699 - INFO - topic #0 (0.100): 0.005*"দণ্ডে" + 0.004*"প্রতিমা" + 0.004*"রাক্ষস" + 0.004*"পিসে" + 0.004*"গহনা" + 0.004*"মালিনীর" + 0.004*"বিপ্র" + 0.003*"লঘু" + 0.003*"নিতাই" + 0.003*"লাগিবে"
2025-06-27 00:11:57,699 - INFO - topic #8 (0.100): 0.004*"ধর্মকে" + 0.004*"প্রাচীরের" + 0.003*"থামায়" + 0.003*"আঁক" + 0.003*"তোপ্রথম" + 0.003*"কলিযুগের" + 0.003*"খিড়কির" + 0.003*"এরাই" + 0.002*"ছেলেগুলো" + 0.002*"রাজপথ"
2025-06-27 00:11:57,700 - INFO - topic #6 (0.100): 0.003*"কা" + 0.002*"হনুমান" + 0.002*"ভোগের" + 0.002*"ঝাড়তে" + 0.002*"নাড়ির" + 0.002*"তে" + 0.002*"প্রাণদণ্ড" + 0.002*"গুরুজির" + 0.002*"প্রতিহারী" + 0.002*"চামড়া"
2025-06-27 00:11:57,700 - INFO - topic #1 (0.100): 0.004*"খোকা" + 0.003*"কন্" + 0.003*"ন্" + 0.003*"উপসর্গ" + 0.003*"অগাধ" + 0.003*"করিবারে" + 0.002*"ছাপিয়ে" + 0.002*"করিস্" + 0.002*"ইস্" + 0.002*"জুতোর"
2025-06-27 00:11:57,701 - INFO - topic diff=0.469740, rho=0.397621
2025-06-27 00:11:57,704 - DEBUG - bound: at document #0
2025-06-27 00:11:57,775 - INFO - -8.725 per-word bound, 423.2 perplexity estimate based on a held-out corpus of 65 documents with 20006 words
2025-06-27 00:11:57,776 - INFO - PROGRESS: pass 6, dispatched chunk #0 = documents up to #65/65, outstanding queue size 1
2025-06-27 00:11:57,780 - DEBUG - processing chunk #0 of 65 documents
2025-06-27 00:11:57,782 - DEBUG - performing inference on a chunk of 65 documents
2025-06-27 00:11:57,802 - DEBUG - 65/65 documents converged within 40 iterations
2025-06-27 00:11:57,803 - DEBUG - processed chunk, queuing the result
2025-06-27 00:11:57,803 - DEBUG - result put
2025-06-27 00:11:57,804 - DEBUG - getting a new job
2025-06-27 00:11:57,804 - DEBUG - updating topics
2025-06-27 00:11:57,808 - INFO - topic #4 (0.100): 0.002*"মধ্যম" + 0.002*"দক্ষিনে" + 0.002*"জিতে" + 0.002*"কবিশেখর" + 0.002*"সাধারণ" + 0.001*"ঘরটা" + 0.001*"কৌতূহল" + 0.001*"বস্তু" + 0.001*"সমারোহ" + 0.001*"সনে"
2025-06-27 00:11:57,808 - INFO - topic #5 (0.100): 0.004*"খোঁড়া" + 0.003*"কহ" + 0.003*"কওয়া" + 0.003*"সভয়" + 0.003*"কবিরাজের" + 0.003*"দুপুরবেলা" + 0.003*"আয়না" + 0.003*"তারেই" + 0.003*"ম্লেচ্ছ" + 0.002*"লব"
2025-06-27 00:11:57,809 - INFO - topic #8 (0.100): 0.004*"ধর্মকে" + 0.004*"প্রাচীরের" + 0.003*"থামায়" + 0.003*"আঁক" + 0.003*"তোপ্রথম" + 0.003*"কলিযুগের" + 0.003*"খিড়কির" + 0.003*"এরাই" + 0.002*"কেনপ্রথম" + 0.002*"ছেলেগুলো"
2025-06-27 00:11:57,809 - INFO - topic #2 (0.100): 0.005*"রাগিণীর" + 0.005*"ঝরো" + 0.005*"খনে" + 0.004*"আগমনী" + 0.004*"শ্রাবণ" + 0.003*"পড়িছে" + 0.003*"মর্ত্যে" + 0.003*"শিউলি" + 0.003*"নামো" + 0.003*"একদিক"
2025-06-27 00:11:57,810 - INFO - topic #0 (0.100): 0.005*"দণ্ডে" + 0.004*"রাক্ষস" + 0.004*"প্রতিমা" + 0.004*"মালিনীর" + 0.004*"পিসে" + 0.004*"গহনা" + 0.004*"বিপ্র" + 0.004*"লঘু" + 0.003*"নিতাই" + 0.003*"লাগিবে"
2025-06-27 00:11:57,810 - INFO - topic diff=0.314257, rho=0.369484
2025-06-27 00:11:57,813 - DEBUG - bound: at document #0
2025-06-27 00:11:57,886 - INFO - -8.708 per-word bound, 418.2 perplexity estimate based on a held-out corpus of 65 documents with 20006 words
2025-06-27 00:11:57,887 - INFO - PROGRESS: pass 7, dispatched chunk #0 = documents up to #65/65, outstanding queue size 1
2025-06-27 00:11:57,891 - DEBUG - processing chunk #0 of 65 documents
2025-06-27 00:11:57,892 - DEBUG - performing inference on a chunk of 65 documents
2025-06-27 00:11:57,914 - DEBUG - 65/65 documents converged within 40 iterations
2025-06-27 00:11:57,915 - DEBUG - processed chunk, queuing the result
2025-06-27 00:11:57,916 - DEBUG - result put
2025-06-27 00:11:57,916 - DEBUG - getting a new job
2025-06-27 00:11:57,916 - DEBUG - updating topics
2025-06-27 00:11:57,920 - INFO - topic #5 (0.100): 0.004*"খোঁড়া" + 0.003*"কহ" + 0.003*"কওয়া" + 0.003*"সভয়" + 0.003*"কবিরাজের" + 0.003*"দুপুরবেলা" + 0.003*"আয়না" + 0.003*"তারেই" + 0.003*"ম্লেচ্ছ" + 0.002*"লব"
2025-06-27 00:11:57,920 - INFO - topic #0 (0.100): 0.005*"দণ্ডে" + 0.005*"রাক্ষস" + 0.004*"প্রতিমা" + 0.004*"মালিনীর" + 0.004*"পিসে" + 0.004*"গহনা" + 0.004*"বিপ্র" + 0.004*"লঘু" + 0.004*"নিতাই" + 0.004*"লাগিবে"
2025-06-27 00:11:57,921 - INFO - topic #7 (0.100): 0.006*"বিচ্ছেদের" + 0.005*"কালী" + 0.004*"পশ্চাৎ" + 0.004*"ব্যাধ" + 0.004*"মজার" + 0.004*"অঞ্জলি" + 0.004*"পথই" + 0.004*"নবীনকে" + 0.004*"লাখ" + 0.003*"নেও"
2025-06-27 00:11:57,921 - INFO - topic #6 (0.100): 0.003*"কা" + 0.002*"হনুমান" + 0.002*"ভোগের" + 0.002*"ঝাড়তে" + 0.002*"নাড়ির" + 0.002*"তে" + 0.002*"প্রাণদণ্ড" + 0.002*"গুরুজির" + 0.002*"প্রতিহারী" + 0.002*"চামড়া"
2025-06-27 00:11:57,922 - INFO - topic #1 (0.100): 0.004*"খোকা" + 0.003*"কন্" + 0.003*"ন্" + 0.003*"উপসর্গ" + 0.003*"অগাধ" + 0.003*"করিবারে" + 0.002*"ছাপিয়ে" + 0.002*"করিস্" + 0.002*"ইস্" + 0.002*"জুতোর"
2025-06-27 00:11:57,922 - INFO - topic diff=0.211727, rho=0.346583
2025-06-27 00:11:57,925 - DEBUG - bound: at document #0
2025-06-27 00:11:57,998 - INFO - -8.699 per-word bound, 415.5 perplexity estimate based on a held-out corpus of 65 documents with 20006 words
2025-06-27 00:11:57,999 - INFO - PROGRESS: pass 8, dispatched chunk #0 = documents up to #65/65, outstanding queue size 1
2025-06-27 00:11:58,003 - DEBUG - processing chunk #0 of 65 documents
2025-06-27 00:11:58,005 - DEBUG - performing inference on a chunk of 65 documents
2025-06-27 00:11:58,028 - DEBUG - 65/65 documents converged within 40 iterations
2025-06-27 00:11:58,029 - DEBUG - processed chunk, queuing the result
2025-06-27 00:11:58,030 - DEBUG - result put
2025-06-27 00:11:58,030 - DEBUG - getting a new job
2025-06-27 00:11:58,030 - DEBUG - updating topics
2025-06-27 00:11:58,034 - INFO - topic #7 (0.100): 0.006*"বিচ্ছেদের" + 0.005*"কালী" + 0.005*"পশ্চাৎ" + 0.004*"ব্যাধ" + 0.004*"মজার" + 0.004*"অঞ্জলি" + 0.004*"পথই" + 0.004*"নবীনকে" + 0.004*"লাখ" + 0.003*"নেও"
2025-06-27 00:11:58,035 - INFO - topic #4 (0.100): 0.002*"মধ্যম" + 0.002*"দক্ষিনে" + 0.002*"জিতে" + 0.002*"কবিশেখর" + 0.002*"সাধারণ" + 0.001*"ঘরটা" + 0.001*"কৌতূহল" + 0.001*"বস্তু" + 0.001*"সমারোহ" + 0.001*"সনে"
2025-06-27 00:11:58,035 - INFO - topic #6 (0.100): 0.003*"কা" + 0.002*"হনুমান" + 0.002*"ভোগের" + 0.002*"ঝাড়তে" + 0.002*"নাড়ির" + 0.002*"তে" + 0.002*"প্রাণদণ্ড" + 0.002*"গুরুজির" + 0.002*"প্রতিহারী" + 0.002*"চামড়া"
2025-06-27 00:11:58,036 - INFO - topic #2 (0.100): 0.005*"রাগিণীর" + 0.005*"ঝরো" + 0.005*"খনে" + 0.004*"আগমনী" + 0.004*"শ্রাবণ" + 0.003*"পড়িছে" + 0.003*"মর্ত্যে" + 0.003*"শিউলি" + 0.003*"নামো" + 0.003*"একদিক"
2025-06-27 00:11:58,036 - INFO - topic #3 (0.100): 0.004*"মন্ত্রীমশায়" + 0.003*"ইহা" + 0.003*"চাকা" + 0.003*"সখীদের" + 0.003*"হাহা" + 0.003*"ঢাল্" + 0.003*"ওরাই" + 0.003*"ডেকেছেন" + 0.003*"মায়াজাল" + 0.003*"শিবের"
2025-06-27 00:11:58,037 - INFO - topic diff=0.144526, rho=0.327473
2025-06-27 00:11:58,040 - DEBUG - bound: at document #0
2025-06-27 00:11:58,122 - INFO - -8.693 per-word bound, 413.8 perplexity estimate based on a held-out corpus of 65 documents with 20006 words
2025-06-27 00:11:58,122 - INFO - PROGRESS: pass 9, dispatched chunk #0 = documents up to #65/65, outstanding queue size 1
2025-06-27 00:11:58,126 - DEBUG - processing chunk #0 of 65 documents
2025-06-27 00:11:58,128 - DEBUG - performing inference on a chunk of 65 documents
2025-06-27 00:11:58,150 - DEBUG - 65/65 documents converged within 40 iterations
2025-06-27 00:11:58,151 - DEBUG - processed chunk, queuing the result
2025-06-27 00:11:58,151 - DEBUG - result put
2025-06-27 00:11:58,151 - DEBUG - getting a new job
2025-06-27 00:11:58,152 - DEBUG - updating topics
2025-06-27 00:11:58,155 - INFO - topic #4 (0.100): 0.002*"মধ্যম" + 0.002*"দক্ষিনে" + 0.002*"জিতে" + 0.002*"কবিশেখর" + 0.002*"সাধারণ" + 0.001*"ঘরটা" + 0.001*"কৌতূহল" + 0.001*"বস্তু" + 0.001*"সমারোহ" + 0.001*"সনে"
2025-06-27 00:11:58,156 - INFO - topic #6 (0.100): 0.003*"কা" + 0.002*"হনুমান" + 0.002*"ভোগের" + 0.002*"ঝাড়তে" + 0.002*"নাড়ির" + 0.002*"তে" + 0.002*"প্রাণদণ্ড" + 0.002*"গুরুজির" + 0.002*"প্রতিহারী" + 0.002*"চামড়া"
2025-06-27 00:11:58,156 - INFO - topic #5 (0.100): 0.004*"খোঁড়া" + 0.003*"কহ" + 0.003*"কওয়া" + 0.003*"সভয়" + 0.003*"কবিরাজের" + 0.003*"দুপুরবেলা" + 0.003*"আয়না" + 0.003*"তারেই" + 0.003*"ম্লেচ্ছ" + 0.003*"লব"
2025-06-27 00:11:58,156 - INFO - topic #9 (0.100): 0.001*"ঠাকুরধনঞ্জয়" + 0.001*"খুড়া" + 0.001*"শুতে" + 0.001*"প্রহরীরা" + 0.001*"মহারাজার" + 0.001*"বাঁধবে" + 0.001*"বাড়িটা" + 0.001*"রেখেছিলেন" + 0.001*"বারান্দা" + 0.001*"মরবি"
2025-06-27 00:11:58,157 - INFO - topic #3 (0.100): 0.004*"মন্ত্রীমশায়" + 0.003*"ইহা" + 0.003*"চাকা" + 0.003*"সখীদের" + 0.003*"হাহা" + 0.003*"ঢাল্" + 0.003*"ওরাই" + 0.003*"ডেকেছেন" + 0.003*"মায়াজাল" + 0.003*"শিবের"
2025-06-27 00:11:58,157 - INFO - topic diff=0.100382, rho=0.311211
2025-06-27 00:11:58,160 - DEBUG - bound: at document #0
2025-06-27 00:11:58,234 - INFO - -8.689 per-word bound, 412.7 perplexity estimate based on a held-out corpus of 65 documents with 20006 words
2025-06-27 00:11:58,252 - DEBUG - starting a new internal lifecycle event log for LdaMulticore
2025-06-27 00:11:58,252 - INFO - LdaMulticore lifecycle event {'msg': 'trained LdaMulticore<num_terms=4249, num_topics=10, decay=0.5, chunksize=200> in 3.36s', 'datetime': '2025-06-27T00:11:58.252294', 'gensim': '4.3.3', 'python': '3.9.0 (tags/v3.9.0:9cf6752, Oct  5 2020, 15:34:40) [MSC v.1927 64 bit (AMD64)]', 'platform': 'Windows-10-10.0.19041-SP0', 'event': 'created'}
2025-06-27 00:12:00,645 - INFO - 127.0.0.1 - - [27/Jun/2025 00:12:00] "POST /process HTTP/1.1" 200 -
2025-06-27 00:12:00,679 - INFO - 127.0.0.1 - - [27/Jun/2025 00:12:00] "[36mGET /static/css/anvay.css HTTP/1.1[0m" 304 -
2025-06-27 00:12:01,167 - INFO - 127.0.0.1 - - [27/Jun/2025 00:12:01] "GET /results/bokeh/scatter.html HTTP/1.1" 200 -
2025-06-27 00:12:01,180 - INFO - 127.0.0.1 - - [27/Jun/2025 00:12:01] "GET /results/plotly/word_network.html HTTP/1.1" 200 -
2025-06-27 00:12:01,180 - INFO - 127.0.0.1 - - [27/Jun/2025 00:12:01] "GET /results/bokeh/bars.html HTTP/1.1" 200 -
2025-06-27 00:12:01,181 - INFO - 127.0.0.1 - - [27/Jun/2025 00:12:01] "GET /results/seaborn/distribution.html HTTP/1.1" 200 -
2025-06-27 00:12:01,182 - INFO - 127.0.0.1 - - [27/Jun/2025 00:12:01] "GET /results/seaborn/evolution.html HTTP/1.1" 200 -
2025-06-27 00:12:01,182 - INFO - 127.0.0.1 - - [27/Jun/2025 00:12:01] "GET /results/seaborn/heatmap.html HTTP/1.1" 200 -
2025-06-27 00:12:01,549 - INFO - 127.0.0.1 - - [27/Jun/2025 00:12:01] "GET /results/seaborn/clustering.html HTTP/1.1" 200 -
2025-06-27 00:12:01,563 - INFO - 127.0.0.1 - - [27/Jun/2025 00:12:01] "GET /results/plotly/prevalence_pie.html HTTP/1.1" 200 -
2025-06-27 00:41:44,914 - INFO - 127.0.0.1 - - [27/Jun/2025 00:41:44] "GET /download_file/doc_topic_weights.csv HTTP/1.1" 200 -
2025-06-27 01:24:55,540 - INFO - 127.0.0.1 - - [27/Jun/2025 01:24:55] "GET / HTTP/1.1" 200 -
2025-06-27 01:24:55,778 - INFO - 127.0.0.1 - - [27/Jun/2025 01:24:55] "[36mGET /static/css/anvay.css HTTP/1.1[0m" 304 -
2025-06-27 01:25:04,894 - INFO - adding document #0 to Dictionary<0 unique tokens: []>
2025-06-27 01:25:04,999 - INFO - built Dictionary<35144 unique tokens: ['অকারণে', 'অকালপক্কদের', 'অকূলের', 'অকৃতার্থ', 'অক্ষমের']...> from 27 documents (total 114015 corpus positions)
2025-06-27 01:25:04,999 - DEBUG - starting a new internal lifecycle event log for Dictionary
2025-06-27 01:25:05,000 - INFO - Dictionary lifecycle event {'msg': "built Dictionary<35144 unique tokens: ['অকারণে', 'অকালপক্কদের', 'অকূলের', 'অকৃতার্থ', 'অক্ষমের']...> from 27 documents (total 114015 corpus positions)", 'datetime': '2025-06-27T01:25:04.999574', 'gensim': '4.3.3', 'python': '3.9.0 (tags/v3.9.0:9cf6752, Oct  5 2020, 15:34:40) [MSC v.1927 64 bit (AMD64)]', 'platform': 'Windows-10-10.0.19041-SP0', 'event': 'created'}
2025-06-27 01:25:05,009 - INFO - discarding 0 tokens: []...
2025-06-27 01:25:05,009 - INFO - keeping 35144 tokens which were in no less than 1 and no more than 27 (=100.0%) documents
2025-06-27 01:25:05,026 - DEBUG - rebuilding dictionary, shrinking gaps
2025-06-27 01:25:05,046 - INFO - resulting dictionary: Dictionary<35144 unique tokens: ['অকারণে', 'অকালপক্কদের', 'অকূলের', 'অকৃতার্থ', 'অক্ষমের']...>
2025-06-27 01:25:05,102 - INFO - using symmetric alpha at 0.1
2025-06-27 01:25:05,102 - INFO - using symmetric eta at 0.1
2025-06-27 01:25:05,106 - INFO - using serial LDA version on this node
2025-06-27 01:25:05,134 - INFO - running online LDA training, 10 topics, 10 passes over the supplied corpus of 27 documents, updating every 200 documents, evaluating every ~27 documents, iterating 40x with a convergence threshold of 0.001000
2025-06-27 01:25:05,134 - INFO - training LDA model using 1 processes
2025-06-27 01:25:07,400 - DEBUG - worker process entering E-step loop
2025-06-27 01:25:07,400 - DEBUG - getting a new job
2025-06-27 01:25:07,401 - INFO - PROGRESS: pass 0, dispatched chunk #0 = documents up to #27/27, outstanding queue size 1
2025-06-27 01:25:07,420 - DEBUG - processing chunk #0 of 27 documents
2025-06-27 01:25:07,434 - DEBUG - performing inference on a chunk of 27 documents
2025-06-27 01:25:07,570 - DEBUG - 0/27 documents converged within 40 iterations
2025-06-27 01:25:07,572 - DEBUG - processed chunk, queuing the result
2025-06-27 01:25:07,573 - DEBUG - result put
2025-06-27 01:25:07,574 - DEBUG - getting a new job
2025-06-27 01:25:07,576 - DEBUG - updating topics
2025-06-27 01:25:07,610 - INFO - topic #6 (0.100): 0.005*"কথা" + 0.005*"হয়ে" + 0.004*"দিয়ে" + 0.003*"ভাই" + 0.003*"নে" + 0.002*"তোর" + 0.002*"নি" + 0.002*"যায়" + 0.002*"এক" + 0.002*"তোমাদের"
2025-06-27 01:25:07,611 - INFO - topic #5 (0.100): 0.005*"কথা" + 0.005*"হয়ে" + 0.002*"দিয়ে" + 0.002*"নে" + 0.002*"একটা" + 0.002*"ভাই" + 0.002*"ভালো" + 0.002*"যায়" + 0.002*"তোমাদের" + 0.002*"এক"
2025-06-27 01:25:07,611 - INFO - topic #8 (0.100): 0.006*"কথা" + 0.005*"হয়ে" + 0.003*"দিয়ে" + 0.003*"নে" + 0.003*"যায়" + 0.003*"একটা" + 0.003*"নি" + 0.003*"ভাই" + 0.002*"ভালো" + 0.002*"তোমাদের"
2025-06-27 01:25:07,612 - INFO - topic #1 (0.100): 0.005*"কথা" + 0.004*"হয়ে" + 0.004*"নে" + 0.004*"দিয়ে" + 0.003*"নি" + 0.002*"ভাই" + 0.002*"যায়" + 0.002*"ভয়" + 0.002*"তোমাদের" + 0.002*"তোর"
2025-06-27 01:25:07,613 - INFO - topic #9 (0.100): 0.005*"কথা" + 0.005*"হয়ে" + 0.003*"দিয়ে" + 0.003*"যায়" + 0.002*"নি" + 0.002*"নে" + 0.002*"তোমাদের" + 0.002*"ভালো" + 0.002*"জন্যে" + 0.002*"ভাই"
2025-06-27 01:25:07,614 - INFO - topic diff=3.290032, rho=1.000000
2025-06-27 01:25:07,634 - DEBUG - bound: at document #0
2025-06-27 01:25:07,949 - INFO - -11.308 per-word bound, 2535.1 perplexity estimate based on a held-out corpus of 27 documents with 114015 words
2025-06-27 01:25:07,950 - INFO - PROGRESS: pass 1, dispatched chunk #0 = documents up to #27/27, outstanding queue size 1
2025-06-27 01:25:07,969 - DEBUG - processing chunk #0 of 27 documents
2025-06-27 01:25:07,983 - DEBUG - performing inference on a chunk of 27 documents
2025-06-27 01:25:08,109 - DEBUG - 7/27 documents converged within 40 iterations
2025-06-27 01:25:08,111 - DEBUG - processed chunk, queuing the result
2025-06-27 01:25:08,112 - DEBUG - result put
2025-06-27 01:25:08,113 - DEBUG - getting a new job
2025-06-27 01:25:08,115 - DEBUG - updating topics
2025-06-27 01:25:08,143 - INFO - topic #1 (0.100): 0.004*"কথা" + 0.003*"নে" + 0.003*"হয়ে" + 0.003*"দিয়ে" + 0.002*"তোর" + 0.002*"নি" + 0.002*"যায়" + 0.002*"আর্য" + 0.002*"ভয়" + 0.001*"এক"
2025-06-27 01:25:08,144 - INFO - topic #4 (0.100): 0.003*"কথা" + 0.003*"হয়ে" + 0.003*"যায়" + 0.003*"তব" + 0.003*"দিয়ে" + 0.003*"একটা" + 0.002*"নে" + 0.002*"ভালো" + 0.002*"হে" + 0.002*"তোর"
2025-06-27 01:25:08,145 - INFO - topic #2 (0.100): 0.004*"কথা" + 0.004*"হয়ে" + 0.003*"দিয়ে" + 0.003*"ঠাকুর" + 0.003*"বাবা" + 0.003*"বালক" + 0.003*"তোমাকে" + 0.002*"নে" + 0.002*"নি" + 0.002*"রথ"
2025-06-27 01:25:08,145 - INFO - topic #8 (0.100): 0.007*"কথা" + 0.006*"হয়ে" + 0.004*"দিয়ে" + 0.003*"একটা" + 0.003*"নে" + 0.003*"যায়" + 0.003*"ভালো" + 0.003*"একটু" + 0.003*"নি" + 0.003*"ভাই"
2025-06-27 01:25:08,146 - INFO - topic #9 (0.100): 0.003*"কথা" + 0.003*"হয়ে" + 0.002*"মোর" + 0.002*"দিয়ে" + 0.002*"যায়" + 0.002*"নি" + 0.001*"নে" + 0.001*"ভালো" + 0.001*"তোমাদের" + 0.001*"ভাই"
2025-06-27 01:25:08,147 - INFO - topic diff=2.095790, rho=0.684386
2025-06-27 01:25:08,167 - DEBUG - bound: at document #0
2025-06-27 01:25:08,433 - INFO - -10.001 per-word bound, 1024.4 perplexity estimate based on a held-out corpus of 27 documents with 114015 words
2025-06-27 01:25:08,433 - INFO - PROGRESS: pass 2, dispatched chunk #0 = documents up to #27/27, outstanding queue size 1
2025-06-27 01:25:08,453 - DEBUG - processing chunk #0 of 27 documents
2025-06-27 01:25:08,467 - DEBUG - performing inference on a chunk of 27 documents
2025-06-27 01:25:08,551 - DEBUG - 25/27 documents converged within 40 iterations
2025-06-27 01:25:08,553 - DEBUG - processed chunk, queuing the result
2025-06-27 01:25:08,554 - DEBUG - result put
2025-06-27 01:25:08,555 - DEBUG - getting a new job
2025-06-27 01:25:08,557 - DEBUG - updating topics
2025-06-27 01:25:08,585 - INFO - topic #9 (0.100): 0.002*"কথা" + 0.002*"হয়ে" + 0.001*"মোর" + 0.001*"দিয়ে" + 0.001*"যায়" + 0.001*"নি" + 0.001*"নে" + 0.001*"ভালো" + 0.001*"তোমাদের" + 0.001*"ভাই"
2025-06-27 01:25:08,587 - INFO - topic #2 (0.100): 0.005*"হয়ে" + 0.004*"কথা" + 0.004*"ঠাকুর" + 0.003*"রথ" + 0.003*"বাবা" + 0.003*"বালক" + 0.003*"দিয়ে" + 0.003*"তোমাকে" + 0.003*"সন্ন্যাসী" + 0.003*"তোমাদের"
2025-06-27 01:25:08,587 - INFO - topic #7 (0.100): 0.005*"কথা" + 0.004*"হয়ে" + 0.003*"ভাই" + 0.002*"একটা" + 0.002*"যায়" + 0.002*"নে" + 0.002*"একটু" + 0.002*"আচ্ছা" + 0.002*"মা" + 0.002*"এক"
2025-06-27 01:25:08,588 - INFO - topic #6 (0.100): 0.003*"হয়ে" + 0.003*"মোর" + 0.003*"এক" + 0.002*"তব" + 0.002*"কথা" + 0.002*"দিয়ে" + 0.002*"হে" + 0.002*"জানি" + 0.002*"যায়" + 0.002*"মাঝে"
2025-06-27 01:25:08,589 - INFO - topic #5 (0.100): 0.002*"কথা" + 0.002*"হয়ে" + 0.002*"বাবা" + 0.002*"বেড়ালটি" + 0.002*"একটা" + 0.001*"দিয়ে" + 0.001*"নে" + 0.001*"তোমরা" + 0.001*"তোমাদের" + 0.001*"সময়"
2025-06-27 01:25:08,590 - INFO - topic diff=1.105331, rho=0.564782
2025-06-27 01:25:08,609 - DEBUG - bound: at document #0
2025-06-27 01:25:08,880 - INFO - -9.725 per-word bound, 846.5 perplexity estimate based on a held-out corpus of 27 documents with 114015 words
2025-06-27 01:25:08,880 - INFO - PROGRESS: pass 3, dispatched chunk #0 = documents up to #27/27, outstanding queue size 1
2025-06-27 01:25:08,902 - DEBUG - processing chunk #0 of 27 documents
2025-06-27 01:25:08,916 - DEBUG - performing inference on a chunk of 27 documents
2025-06-27 01:25:08,996 - DEBUG - 24/27 documents converged within 40 iterations
2025-06-27 01:25:08,998 - DEBUG - processed chunk, queuing the result
2025-06-27 01:25:08,999 - DEBUG - result put
2025-06-27 01:25:09,001 - DEBUG - getting a new job
2025-06-27 01:25:09,002 - DEBUG - updating topics
2025-06-27 01:25:09,030 - INFO - topic #4 (0.100): 0.004*"তব" + 0.003*"যায়" + 0.003*"হে" + 0.002*"হয়ে" + 0.002*"একটা" + 0.002*"নমো" + 0.002*"দিয়ে" + 0.002*"রে" + 0.002*"আজি" + 0.002*"আপনাদের"
2025-06-27 01:25:09,031 - INFO - topic #7 (0.100): 0.004*"কথা" + 0.003*"হয়ে" + 0.003*"একটা" + 0.002*"ভাই" + 0.002*"হৃদয়ের" + 0.002*"মা" + 0.002*"শ্রেষ্ঠ" + 0.002*"ভেবে" + 0.002*"যায়" + 0.002*"রাবণের"
2025-06-27 01:25:09,032 - INFO - topic #3 (0.100): 0.007*"কথা" + 0.006*"হয়ে" + 0.004*"দিয়ে" + 0.004*"নে" + 0.004*"ভাই" + 0.003*"নি" + 0.003*"ভয়" + 0.003*"তোমাদের" + 0.003*"তোর" + 0.003*"একটা"
2025-06-27 01:25:09,032 - INFO - topic #1 (0.100): 0.004*"তোর" + 0.003*"জল" + 0.003*"কথা" + 0.003*"নে" + 0.003*"আর্য" + 0.002*"দিয়ে" + 0.002*"মা" + 0.002*"হয়ে" + 0.002*"বিজ্ঞান" + 0.002*"ম্যাগ্"
2025-06-27 01:25:09,033 - INFO - topic #2 (0.100): 0.005*"হয়ে" + 0.004*"কথা" + 0.004*"ঠাকুর" + 0.004*"রথ" + 0.004*"বাবা" + 0.003*"বালক" + 0.003*"দিয়ে" + 0.003*"সন্ন্যাসী" + 0.003*"তোমাদের" + 0.003*"তোমাকে"
2025-06-27 01:25:09,035 - INFO - topic diff=0.613033, rho=0.491770
2025-06-27 01:25:09,053 - DEBUG - bound: at document #0
2025-06-27 01:25:09,320 - INFO - -9.631 per-word bound, 793.1 perplexity estimate based on a held-out corpus of 27 documents with 114015 words
2025-06-27 01:25:09,320 - INFO - PROGRESS: pass 4, dispatched chunk #0 = documents up to #27/27, outstanding queue size 1
2025-06-27 01:25:09,339 - DEBUG - processing chunk #0 of 27 documents
2025-06-27 01:25:09,353 - DEBUG - performing inference on a chunk of 27 documents
2025-06-27 01:25:09,434 - DEBUG - 24/27 documents converged within 40 iterations
2025-06-27 01:25:09,436 - DEBUG - processed chunk, queuing the result
2025-06-27 01:25:09,437 - DEBUG - result put
2025-06-27 01:25:09,438 - DEBUG - getting a new job
2025-06-27 01:25:09,440 - DEBUG - updating topics
2025-06-27 01:25:09,467 - INFO - topic #2 (0.100): 0.005*"হয়ে" + 0.004*"কথা" + 0.004*"ঠাকুর" + 0.004*"রথ" + 0.004*"বাবা" + 0.003*"বালক" + 0.003*"সন্ন্যাসী" + 0.003*"দিয়ে" + 0.003*"তোমাদের" + 0.003*"রাজা"
2025-06-27 01:25:09,468 - INFO - topic #8 (0.100): 0.007*"কথা" + 0.006*"হয়ে" + 0.004*"দিয়ে" + 0.003*"একটা" + 0.003*"নে" + 0.003*"যায়" + 0.003*"ভালো" + 0.003*"একটু" + 0.003*"জন্যে" + 0.003*"নি"
2025-06-27 01:25:09,469 - INFO - topic #3 (0.100): 0.007*"কথা" + 0.006*"হয়ে" + 0.004*"নে" + 0.004*"দিয়ে" + 0.004*"ভাই" + 0.004*"নি" + 0.003*"তোমাদের" + 0.003*"ভয়" + 0.003*"তোর" + 0.003*"একটা"
2025-06-27 01:25:09,469 - INFO - topic #5 (0.100): 0.002*"বেড়ালটি" + 0.002*"বাবা" + 0.001*"তোমরা" + 0.001*"কথা" + 0.001*"বেড়াল" + 0.001*"বোধ" + 0.001*"একটা" + 0.001*"হয়ে" + 0.001*"দিয়ে" + 0.001*"নে"
2025-06-27 01:25:09,470 - INFO - topic #7 (0.100): 0.004*"কথা" + 0.003*"একটা" + 0.002*"হয়ে" + 0.002*"ভাই" + 0.002*"হৃদয়ের" + 0.002*"শ্রেষ্ঠ" + 0.002*"মা" + 0.002*"রাবণের" + 0.002*"ভেবে" + 0.002*"ভাবনা"
2025-06-27 01:25:09,471 - INFO - topic diff=0.357981, rho=0.441296
2025-06-27 01:25:09,490 - DEBUG - bound: at document #0
2025-06-27 01:25:09,765 - INFO - -9.592 per-word bound, 772.0 perplexity estimate based on a held-out corpus of 27 documents with 114015 words
2025-06-27 01:25:09,766 - INFO - PROGRESS: pass 5, dispatched chunk #0 = documents up to #27/27, outstanding queue size 1
2025-06-27 01:25:09,787 - DEBUG - processing chunk #0 of 27 documents
2025-06-27 01:25:09,801 - DEBUG - performing inference on a chunk of 27 documents
2025-06-27 01:25:09,882 - DEBUG - 24/27 documents converged within 40 iterations
2025-06-27 01:25:09,884 - DEBUG - processed chunk, queuing the result
2025-06-27 01:25:09,885 - DEBUG - result put
2025-06-27 01:25:09,886 - DEBUG - getting a new job
2025-06-27 01:25:09,888 - DEBUG - updating topics
2025-06-27 01:25:09,915 - INFO - topic #0 (0.100): 0.009*"দত্ত" + 0.006*"ভালো" + 0.006*"হয়ে" + 0.005*"কথা" + 0.004*"রাজার" + 0.004*"চিঠি" + 0.004*"ঢং" + 0.004*"বড়ো" + 0.004*"দিয়ে" + 0.003*"দই"
2025-06-27 01:25:09,917 - INFO - topic #2 (0.100): 0.005*"হয়ে" + 0.004*"কথা" + 0.004*"ঠাকুর" + 0.004*"রথ" + 0.004*"বাবা" + 0.004*"বালক" + 0.003*"সন্ন্যাসী" + 0.003*"দিয়ে" + 0.003*"তোমাদের" + 0.003*"রাজা"
2025-06-27 01:25:09,917 - INFO - topic #7 (0.100): 0.004*"কথা" + 0.003*"একটা" + 0.002*"হৃদয়ের" + 0.002*"শ্রেষ্ঠ" + 0.002*"হয়ে" + 0.002*"মা" + 0.002*"ভাই" + 0.002*"রাবণের" + 0.002*"ভেবে" + 0.002*"ভাবনা"
2025-06-27 01:25:09,918 - INFO - topic #3 (0.100): 0.007*"কথা" + 0.006*"হয়ে" + 0.004*"নে" + 0.004*"দিয়ে" + 0.004*"ভাই" + 0.004*"নি" + 0.003*"তোমাদের" + 0.003*"ভয়" + 0.003*"তোর" + 0.003*"একটা"
2025-06-27 01:25:09,919 - INFO - topic #6 (0.100): 0.003*"মোর" + 0.003*"এক" + 0.003*"হয়ে" + 0.003*"তব" + 0.002*"মাঝে" + 0.002*"হে" + 0.002*"নাহি" + 0.002*"তারে" + 0.002*"হায়" + 0.002*"নারী"
2025-06-27 01:25:09,920 - INFO - topic diff=0.217905, rho=0.403732
2025-06-27 01:25:09,938 - DEBUG - bound: at document #0
2025-06-27 01:25:10,213 - INFO - -9.575 per-word bound, 762.5 perplexity estimate based on a held-out corpus of 27 documents with 114015 words
2025-06-27 01:25:10,214 - INFO - PROGRESS: pass 6, dispatched chunk #0 = documents up to #27/27, outstanding queue size 1
2025-06-27 01:25:10,233 - DEBUG - processing chunk #0 of 27 documents
2025-06-27 01:25:10,247 - DEBUG - performing inference on a chunk of 27 documents
2025-06-27 01:25:10,329 - DEBUG - 24/27 documents converged within 40 iterations
2025-06-27 01:25:10,331 - DEBUG - processed chunk, queuing the result
2025-06-27 01:25:10,331 - DEBUG - result put
2025-06-27 01:25:10,333 - DEBUG - getting a new job
2025-06-27 01:25:10,335 - DEBUG - updating topics
2025-06-27 01:25:10,363 - INFO - topic #4 (0.100): 0.005*"তব" + 0.003*"হে" + 0.003*"যায়" + 0.002*"নমো" + 0.002*"আজি" + 0.002*"রে" + 0.002*"তারে" + 0.002*"গো" + 0.002*"একটা" + 0.002*"হয়ে"
2025-06-27 01:25:10,364 - INFO - topic #5 (0.100): 0.002*"বেড়ালটি" + 0.002*"বাবা" + 0.001*"তোমরা" + 0.001*"বেড়াল" + 0.001*"বোধ" + 0.001*"স্" + 0.001*"চতুর্ভুজ" + 0.001*"কথা" + 0.001*"একটা" + 0.001*"দিয়ে"
2025-06-27 01:25:10,364 - INFO - topic #9 (0.100): 0.000*"কথা" + 0.000*"হয়ে" + 0.000*"মোর" + 0.000*"দিয়ে" + 0.000*"যায়" + 0.000*"নি" + 0.000*"নে" + 0.000*"ভালো" + 0.000*"তোমাদের" + 0.000*"ভাই"
2025-06-27 01:25:10,365 - INFO - topic #3 (0.100): 0.007*"কথা" + 0.006*"হয়ে" + 0.004*"নে" + 0.004*"দিয়ে" + 0.004*"ভাই" + 0.004*"নি" + 0.003*"তোমাদের" + 0.003*"ভয়" + 0.003*"একটা" + 0.003*"তোর"
2025-06-27 01:25:10,366 - INFO - topic #0 (0.100): 0.010*"দত্ত" + 0.006*"ভালো" + 0.006*"হয়ে" + 0.005*"কথা" + 0.004*"রাজার" + 0.004*"চিঠি" + 0.004*"ঢং" + 0.004*"বড়ো" + 0.004*"দিয়ে" + 0.003*"দই"
2025-06-27 01:25:10,367 - INFO - topic diff=0.137210, rho=0.374372
2025-06-27 01:25:10,387 - DEBUG - bound: at document #0
2025-06-27 01:25:10,655 - INFO - -9.566 per-word bound, 757.9 perplexity estimate based on a held-out corpus of 27 documents with 114015 words
2025-06-27 01:25:10,656 - INFO - PROGRESS: pass 7, dispatched chunk #0 = documents up to #27/27, outstanding queue size 1
2025-06-27 01:25:10,675 - DEBUG - processing chunk #0 of 27 documents
2025-06-27 01:25:10,690 - DEBUG - performing inference on a chunk of 27 documents
2025-06-27 01:25:10,776 - DEBUG - 25/27 documents converged within 40 iterations
2025-06-27 01:25:10,778 - DEBUG - processed chunk, queuing the result
2025-06-27 01:25:10,778 - DEBUG - result put
2025-06-27 01:25:10,780 - DEBUG - getting a new job
2025-06-27 01:25:10,782 - DEBUG - updating topics
2025-06-27 01:25:10,810 - INFO - topic #4 (0.100): 0.005*"তব" + 0.003*"হে" + 0.003*"যায়" + 0.002*"নমো" + 0.002*"আজি" + 0.002*"রে" + 0.002*"তারে" + 0.002*"গো" + 0.002*"মোর" + 0.002*"হয়ে"
2025-06-27 01:25:10,811 - INFO - topic #1 (0.100): 0.005*"তোর" + 0.004*"জল" + 0.003*"মা" + 0.003*"আর্য" + 0.003*"নে" + 0.003*"কথা" + 0.002*"দিয়ে" + 0.002*"দাও" + 0.002*"তুই" + 0.002*"প্রকৃতি"
2025-06-27 01:25:10,812 - INFO - topic #6 (0.100): 0.003*"মোর" + 0.003*"এক" + 0.003*"তব" + 0.003*"হয়ে" + 0.002*"মাঝে" + 0.002*"হে" + 0.002*"নাহি" + 0.002*"তারে" + 0.002*"হায়" + 0.002*"নারী"
2025-06-27 01:25:10,813 - INFO - topic #2 (0.100): 0.005*"হয়ে" + 0.004*"কথা" + 0.004*"ঠাকুর" + 0.004*"রথ" + 0.004*"বাবা" + 0.004*"বালক" + 0.003*"সন্ন্যাসী" + 0.003*"দিয়ে" + 0.003*"তোমাদের" + 0.003*"রাজা"
2025-06-27 01:25:10,813 - INFO - topic #3 (0.100): 0.007*"কথা" + 0.006*"হয়ে" + 0.004*"নে" + 0.004*"দিয়ে" + 0.004*"ভাই" + 0.004*"নি" + 0.003*"তোমাদের" + 0.003*"ভয়" + 0.003*"একটা" + 0.003*"তোর"
2025-06-27 01:25:10,815 - INFO - topic diff=0.088800, rho=0.350608
2025-06-27 01:25:10,834 - DEBUG - bound: at document #0
2025-06-27 01:25:11,104 - INFO - -9.561 per-word bound, 755.5 perplexity estimate based on a held-out corpus of 27 documents with 114015 words
2025-06-27 01:25:11,104 - INFO - PROGRESS: pass 8, dispatched chunk #0 = documents up to #27/27, outstanding queue size 1
2025-06-27 01:25:11,123 - DEBUG - processing chunk #0 of 27 documents
2025-06-27 01:25:11,137 - DEBUG - performing inference on a chunk of 27 documents
2025-06-27 01:25:11,220 - DEBUG - 26/27 documents converged within 40 iterations
2025-06-27 01:25:11,222 - DEBUG - processed chunk, queuing the result
2025-06-27 01:25:11,222 - DEBUG - result put
2025-06-27 01:25:11,224 - DEBUG - getting a new job
2025-06-27 01:25:11,225 - DEBUG - updating topics
2025-06-27 01:25:11,253 - INFO - topic #0 (0.100): 0.010*"দত্ত" + 0.006*"ভালো" + 0.006*"হয়ে" + 0.005*"কথা" + 0.004*"রাজার" + 0.004*"চিঠি" + 0.004*"ঢং" + 0.004*"বড়ো" + 0.004*"দিয়ে" + 0.003*"দই"
2025-06-27 01:25:11,254 - INFO - topic #8 (0.100): 0.007*"কথা" + 0.006*"হয়ে" + 0.004*"দিয়ে" + 0.004*"একটা" + 0.003*"নে" + 0.003*"ভালো" + 0.003*"যায়" + 0.003*"একটু" + 0.003*"জন্যে" + 0.003*"নি"
2025-06-27 01:25:11,255 - INFO - topic #7 (0.100): 0.004*"কথা" + 0.003*"একটা" + 0.002*"হৃদয়ের" + 0.002*"শ্রেষ্ঠ" + 0.002*"মা" + 0.002*"রাবণের" + 0.002*"ভেবে" + 0.002*"ভাই" + 0.002*"ভাবনা" + 0.002*"হয়ে"
2025-06-27 01:25:11,255 - INFO - topic #6 (0.100): 0.003*"মোর" + 0.003*"এক" + 0.003*"তব" + 0.003*"হয়ে" + 0.002*"মাঝে" + 0.002*"হে" + 0.002*"নাহি" + 0.002*"তারে" + 0.002*"হায়" + 0.002*"নারী"
2025-06-27 01:25:11,256 - INFO - topic #5 (0.100): 0.002*"বেড়ালটি" + 0.002*"বাবা" + 0.001*"তোমরা" + 0.001*"বেড়াল" + 0.001*"বোধ" + 0.001*"স্" + 0.001*"চতুর্ভুজ" + 0.001*"কথা" + 0.001*"একটা" + 0.001*"দিয়ে"
2025-06-27 01:25:11,257 - INFO - topic diff=0.058839, rho=0.330861
2025-06-27 01:25:11,276 - DEBUG - bound: at document #0
2025-06-27 01:25:11,546 - INFO - -9.559 per-word bound, 754.2 perplexity estimate based on a held-out corpus of 27 documents with 114015 words
2025-06-27 01:25:11,547 - INFO - PROGRESS: pass 9, dispatched chunk #0 = documents up to #27/27, outstanding queue size 1
2025-06-27 01:25:11,566 - DEBUG - processing chunk #0 of 27 documents
2025-06-27 01:25:11,580 - DEBUG - performing inference on a chunk of 27 documents
2025-06-27 01:25:11,665 - DEBUG - 26/27 documents converged within 40 iterations
2025-06-27 01:25:11,668 - DEBUG - processed chunk, queuing the result
2025-06-27 01:25:11,668 - DEBUG - result put
2025-06-27 01:25:11,670 - DEBUG - getting a new job
2025-06-27 01:25:11,671 - DEBUG - updating topics
2025-06-27 01:25:11,700 - INFO - topic #9 (0.100): 0.000*"কথা" + 0.000*"হয়ে" + 0.000*"মোর" + 0.000*"দিয়ে" + 0.000*"যায়" + 0.000*"নি" + 0.000*"নে" + 0.000*"ভালো" + 0.000*"তোমাদের" + 0.000*"ভাই"
2025-06-27 01:25:11,700 - INFO - topic #8 (0.100): 0.007*"কথা" + 0.006*"হয়ে" + 0.004*"দিয়ে" + 0.004*"একটা" + 0.003*"নে" + 0.003*"ভালো" + 0.003*"যায়" + 0.003*"একটু" + 0.003*"জন্যে" + 0.003*"নি"
2025-06-27 01:25:11,701 - INFO - topic #2 (0.100): 0.005*"হয়ে" + 0.004*"কথা" + 0.004*"ঠাকুর" + 0.004*"রথ" + 0.004*"বাবা" + 0.004*"বালক" + 0.003*"সন্ন্যাসী" + 0.003*"দিয়ে" + 0.003*"তোমাদের" + 0.003*"রাজা"
2025-06-27 01:25:11,702 - INFO - topic #7 (0.100): 0.004*"কথা" + 0.003*"একটা" + 0.002*"হৃদয়ের" + 0.002*"শ্রেষ্ঠ" + 0.002*"মা" + 0.002*"রাবণের" + 0.002*"ভেবে" + 0.002*"ভাই" + 0.002*"ভাবনা" + 0.002*"হয়ে"
2025-06-27 01:25:11,702 - INFO - topic #3 (0.100): 0.007*"কথা" + 0.006*"হয়ে" + 0.004*"নে" + 0.004*"দিয়ে" + 0.004*"ভাই" + 0.004*"নি" + 0.003*"তোমাদের" + 0.003*"ভয়" + 0.003*"একটা" + 0.003*"তোর"
2025-06-27 01:25:11,704 - INFO - topic diff=0.039815, rho=0.314115
2025-06-27 01:25:11,722 - DEBUG - bound: at document #0
2025-06-27 01:25:12,003 - INFO - -9.557 per-word bound, 753.4 perplexity estimate based on a held-out corpus of 27 documents with 114015 words
2025-06-27 01:25:12,022 - DEBUG - starting a new internal lifecycle event log for LdaMulticore
2025-06-27 01:25:12,022 - INFO - LdaMulticore lifecycle event {'msg': 'trained LdaMulticore<num_terms=35144, num_topics=10, decay=0.5, chunksize=200> in 6.89s', 'datetime': '2025-06-27T01:25:12.022197', 'gensim': '4.3.3', 'python': '3.9.0 (tags/v3.9.0:9cf6752, Oct  5 2020, 15:34:40) [MSC v.1927 64 bit (AMD64)]', 'platform': 'Windows-10-10.0.19041-SP0', 'event': 'created'}
2025-06-27 01:25:15,298 - INFO - 127.0.0.1 - - [27/Jun/2025 01:25:15] "POST /process HTTP/1.1" 200 -
2025-06-27 01:25:15,625 - INFO - 127.0.0.1 - - [27/Jun/2025 01:25:15] "[36mGET /static/css/anvay.css HTTP/1.1[0m" 304 -
2025-06-27 01:25:15,918 - INFO - 127.0.0.1 - - [27/Jun/2025 01:25:15] "GET /results/plotly/prevalence_pie.html HTTP/1.1" 200 -
2025-06-27 01:25:16,017 - INFO - 127.0.0.1 - - [27/Jun/2025 01:25:16] "GET /results/seaborn/clustering.html HTTP/1.1" 200 -
2025-06-27 01:25:16,026 - INFO - 127.0.0.1 - - [27/Jun/2025 01:25:16] "GET /results/seaborn/distribution.html HTTP/1.1" 200 -
2025-06-27 01:25:16,026 - INFO - 127.0.0.1 - - [27/Jun/2025 01:25:16] "GET /results/plotly/word_network.html HTTP/1.1" 200 -
2025-06-27 01:25:16,032 - INFO - 127.0.0.1 - - [27/Jun/2025 01:25:16] "GET /results/seaborn/evolution.html HTTP/1.1" 200 -
2025-06-27 01:25:16,034 - INFO - 127.0.0.1 - - [27/Jun/2025 01:25:16] "GET /results/seaborn/heatmap.html HTTP/1.1" 200 -
2025-06-27 01:25:16,277 - INFO - 127.0.0.1 - - [27/Jun/2025 01:25:16] "GET /results/bokeh/bars.html HTTP/1.1" 200 -
2025-06-27 01:25:16,386 - INFO - 127.0.0.1 - - [27/Jun/2025 01:25:16] "GET /results/bokeh/scatter.html HTTP/1.1" 200 -
2025-07-08 13:07:13,626 - INFO - [31m[1mWARNING: This is a development server. Do not use it in a production deployment. Use a production WSGI server instead.[0m
 * Running on http://127.0.0.1:5000
2025-07-08 13:07:13,626 - INFO - [33mPress CTRL+C to quit[0m
2025-07-08 13:07:13,628 - INFO -  * Restarting with stat
2025-07-08 13:07:15,752 - WARNING -  * Debugger is active!
2025-07-08 13:07:15,756 - INFO -  * Debugger PIN: 118-717-105
2025-07-08 13:07:17,281 - INFO - 127.0.0.1 - - [08/Jul/2025 13:07:17] "GET / HTTP/1.1" 200 -
2025-07-08 13:07:17,602 - INFO - 127.0.0.1 - - [08/Jul/2025 13:07:17] "GET /static/css/anvay.css HTTP/1.1" 200 -
2025-07-08 13:07:17,907 - INFO - 127.0.0.1 - - [08/Jul/2025 13:07:17] "GET /static/logo.png HTTP/1.1" 200 -
2025-07-08 13:07:29,060 - INFO - adding document #0 to Dictionary<0 unique tokens: []>
2025-07-08 13:07:29,345 - INFO - built Dictionary<67853 unique tokens: ['অকারণে', 'অকালপক্কদের', 'অকূলের', 'অকৃতার্থ', 'অক্ষমের']...> from 65 documents (total 256277 corpus positions)
2025-07-08 13:07:29,346 - DEBUG - starting a new internal lifecycle event log for Dictionary
2025-07-08 13:07:29,346 - INFO - Dictionary lifecycle event {'msg': "built Dictionary<67853 unique tokens: ['অকারণে', 'অকালপক্কদের', 'অকূলের', 'অকৃতার্থ', 'অক্ষমের']...> from 65 documents (total 256277 corpus positions)", 'datetime': '2025-07-08T13:07:29.346100', 'gensim': '4.3.3', 'python': '3.9.0 (tags/v3.9.0:9cf6752, Oct  5 2020, 15:34:40) [MSC v.1927 64 bit (AMD64)]', 'platform': 'Windows-10-10.0.19041-SP0', 'event': 'created'}
2025-07-08 13:07:29,361 - INFO - discarding 0 tokens: []...
2025-07-08 13:07:29,361 - INFO - keeping 67853 tokens which were in no less than 1 and no more than 65 (=100.0%) documents
2025-07-08 13:07:29,393 - DEBUG - rebuilding dictionary, shrinking gaps
2025-07-08 13:07:29,436 - INFO - resulting dictionary: Dictionary<67853 unique tokens: ['অকারণে', 'অকালপক্কদের', 'অকূলের', 'অকৃতার্থ', 'অক্ষমের']...>
2025-07-08 13:07:29,567 - INFO - using symmetric alpha at 0.1
2025-07-08 13:07:29,567 - INFO - using symmetric eta at 0.1
2025-07-08 13:07:29,575 - INFO - using serial LDA version on this node
2025-07-08 13:07:29,631 - INFO - running online LDA training, 10 topics, 10 passes over the supplied corpus of 65 documents, updating every 200 documents, evaluating every ~65 documents, iterating 40x with a convergence threshold of 0.001000
2025-07-08 13:07:29,632 - INFO - training LDA model using 1 processes
2025-07-08 13:07:31,744 - DEBUG - worker process entering E-step loop
2025-07-08 13:07:31,744 - DEBUG - getting a new job
2025-07-08 13:07:31,744 - INFO - PROGRESS: pass 0, dispatched chunk #0 = documents up to #65/65, outstanding queue size 1
2025-07-08 13:07:31,798 - DEBUG - processing chunk #0 of 65 documents
2025-07-08 13:07:31,824 - DEBUG - performing inference on a chunk of 65 documents
2025-07-08 13:07:32,177 - DEBUG - 0/65 documents converged within 40 iterations
2025-07-08 13:07:32,182 - DEBUG - processed chunk, queuing the result
2025-07-08 13:07:32,183 - DEBUG - result put
2025-07-08 13:07:32,186 - DEBUG - getting a new job
2025-07-08 13:07:32,190 - DEBUG - updating topics
2025-07-08 13:07:32,260 - INFO - topic #2 (0.100): 0.006*"কথা" + 0.004*"হয়ে" + 0.004*"দিয়ে" + 0.003*"নে" + 0.002*"একটা" + 0.002*"নি" + 0.002*"ভাই" + 0.002*"আচ্ছা" + 0.002*"ভালো" + 0.002*"রে"
2025-07-08 13:07:32,261 - INFO - topic #0 (0.100): 0.004*"হয়ে" + 0.004*"কথা" + 0.003*"দিয়ে" + 0.003*"নে" + 0.003*"ভাই" + 0.003*"তোমাকে" + 0.003*"একটা" + 0.002*"নি" + 0.002*"ভালো" + 0.002*"তোর"
2025-07-08 13:07:32,262 - INFO - topic #8 (0.100): 0.007*"কথা" + 0.004*"নে" + 0.004*"হয়ে" + 0.003*"দিয়ে" + 0.003*"তোমাকে" + 0.003*"একটা" + 0.003*"ভাই" + 0.003*"ভালো" + 0.002*"তোমাদের" + 0.002*"ভয়"
2025-07-08 13:07:32,263 - INFO - topic #1 (0.100): 0.005*"হয়ে" + 0.005*"কথা" + 0.003*"দিয়ে" + 0.003*"নে" + 0.003*"তোর" + 0.003*"একটা" + 0.002*"যায়" + 0.002*"ভালো" + 0.002*"ভাই" + 0.002*"এক"
2025-07-08 13:07:32,264 - INFO - topic #9 (0.100): 0.006*"হয়ে" + 0.006*"কথা" + 0.004*"নে" + 0.004*"দিয়ে" + 0.004*"নি" + 0.003*"ভাই" + 0.003*"যায়" + 0.003*"একটা" + 0.002*"ভয়" + 0.002*"ভালো"
2025-07-08 13:07:32,267 - INFO - topic diff=3.428606, rho=1.000000
2025-07-08 13:07:32,305 - DEBUG - bound: at document #0
2025-07-08 13:07:33,079 - INFO - -11.363 per-word bound, 2634.6 perplexity estimate based on a held-out corpus of 65 documents with 256277 words
2025-07-08 13:07:33,080 - INFO - PROGRESS: pass 1, dispatched chunk #0 = documents up to #65/65, outstanding queue size 1
2025-07-08 13:07:33,132 - DEBUG - processing chunk #0 of 65 documents
2025-07-08 13:07:33,159 - DEBUG - performing inference on a chunk of 65 documents
2025-07-08 13:07:33,508 - DEBUG - 15/65 documents converged within 40 iterations
2025-07-08 13:07:33,513 - DEBUG - processed chunk, queuing the result
2025-07-08 13:07:33,514 - DEBUG - result put
2025-07-08 13:07:33,518 - DEBUG - getting a new job
2025-07-08 13:07:33,522 - DEBUG - updating topics
2025-07-08 13:07:33,577 - INFO - topic #0 (0.100): 0.003*"হয়ে" + 0.003*"কথা" + 0.003*"দিয়ে" + 0.002*"ভাই" + 0.002*"নে" + 0.002*"একটা" + 0.002*"তোমাকে" + 0.002*"নি" + 0.002*"ভয়" + 0.002*"ভালো"
2025-07-08 13:07:33,578 - INFO - topic #3 (0.100): 0.005*"কথা" + 0.003*"হয়ে" + 0.003*"দিয়ে" + 0.003*"নে" + 0.002*"ভালো" + 0.002*"মহারাজ" + 0.002*"তোমাকে" + 0.002*"ভয়" + 0.002*"যায়" + 0.002*"এক"
2025-07-08 13:07:33,580 - INFO - topic #6 (0.100): 0.006*"কথা" + 0.005*"হয়ে" + 0.004*"নে" + 0.003*"একটা" + 0.003*"দিয়ে" + 0.003*"নি" + 0.003*"ভাই" + 0.003*"তোর" + 0.003*"জন্যে" + 0.003*"ভালো"
2025-07-08 13:07:33,581 - INFO - topic #8 (0.100): 0.008*"কথা" + 0.005*"নে" + 0.005*"হয়ে" + 0.004*"দিয়ে" + 0.004*"তোমাকে" + 0.003*"একটা" + 0.003*"ভালো" + 0.003*"ভাই" + 0.003*"নি" + 0.003*"ভয়"
2025-07-08 13:07:33,582 - INFO - topic #4 (0.100): 0.004*"কথা" + 0.004*"হয়ে" + 0.003*"দিয়ে" + 0.003*"নে" + 0.003*"তোমাকে" + 0.002*"সতীশ" + 0.002*"যায়" + 0.002*"নি" + 0.002*"রে" + 0.002*"তোর"
2025-07-08 13:07:33,584 - INFO - topic diff=1.940200, rho=0.655826
2025-07-08 13:07:33,626 - DEBUG - bound: at document #0
2025-07-08 13:07:34,294 - INFO - -10.302 per-word bound, 1262.7 perplexity estimate based on a held-out corpus of 65 documents with 256277 words
2025-07-08 13:07:34,295 - INFO - PROGRESS: pass 2, dispatched chunk #0 = documents up to #65/65, outstanding queue size 1
2025-07-08 13:07:34,348 - DEBUG - processing chunk #0 of 65 documents
2025-07-08 13:07:34,376 - DEBUG - performing inference on a chunk of 65 documents
2025-07-08 13:07:34,620 - DEBUG - 51/65 documents converged within 40 iterations
2025-07-08 13:07:34,626 - DEBUG - processed chunk, queuing the result
2025-07-08 13:07:34,626 - DEBUG - result put
2025-07-08 13:07:34,630 - DEBUG - getting a new job
2025-07-08 13:07:34,634 - DEBUG - updating topics
2025-07-08 13:07:34,689 - INFO - topic #1 (0.100): 0.006*"কথা" + 0.005*"হয়ে" + 0.004*"ভাই" + 0.003*"নে" + 0.003*"দিয়ে" + 0.003*"ভালো" + 0.003*"তোর" + 0.002*"করো" + 0.002*"যায়" + 0.002*"মহারাজ"
2025-07-08 13:07:34,690 - INFO - topic #9 (0.100): 0.006*"হয়ে" + 0.006*"কথা" + 0.004*"দিয়ে" + 0.004*"নে" + 0.003*"নি" + 0.003*"রে" + 0.003*"ভাই" + 0.003*"তোমাদের" + 0.003*"যায়" + 0.003*"তোমাকে"
2025-07-08 13:07:34,691 - INFO - topic #7 (0.100): 0.003*"হয়ে" + 0.003*"কথা" + 0.002*"মোর" + 0.002*"মা" + 0.002*"ধর্ম" + 0.002*"কোথা" + 0.002*"নি" + 0.001*"দিয়ে" + 0.001*"নাহি" + 0.001*"আজি"
2025-07-08 13:07:34,692 - INFO - topic #5 (0.100): 0.005*"রাজা" + 0.004*"হয়ে" + 0.004*"দিয়ে" + 0.004*"হে" + 0.003*"কথা" + 0.003*"যায়" + 0.002*"নে" + 0.002*"রে" + 0.002*"নি" + 0.002*"তোমাকে"
2025-07-08 13:07:34,693 - INFO - topic #8 (0.100): 0.008*"কথা" + 0.005*"নে" + 0.005*"হয়ে" + 0.004*"দিয়ে" + 0.004*"তোমাকে" + 0.003*"মহারাজ" + 0.003*"একটা" + 0.003*"নি" + 0.003*"ভয়" + 0.003*"ভালো"
2025-07-08 13:07:34,695 - INFO - topic diff=1.198101, rho=0.548408
2025-07-08 13:07:34,735 - DEBUG - bound: at document #0
2025-07-08 13:07:35,390 - INFO - -9.972 per-word bound, 1004.5 perplexity estimate based on a held-out corpus of 65 documents with 256277 words
2025-07-08 13:07:35,390 - INFO - PROGRESS: pass 3, dispatched chunk #0 = documents up to #65/65, outstanding queue size 1
2025-07-08 13:07:35,439 - DEBUG - processing chunk #0 of 65 documents
2025-07-08 13:07:35,466 - DEBUG - performing inference on a chunk of 65 documents
2025-07-08 13:07:35,697 - DEBUG - 54/65 documents converged within 40 iterations
2025-07-08 13:07:35,702 - DEBUG - processed chunk, queuing the result
2025-07-08 13:07:35,702 - DEBUG - result put
2025-07-08 13:07:35,705 - DEBUG - getting a new job
2025-07-08 13:07:35,709 - DEBUG - updating topics
2025-07-08 13:07:35,763 - INFO - topic #2 (0.100): 0.002*"কথা" + 0.002*"নে" + 0.002*"নাম" + 0.001*"হয়ে" + 0.001*"বাবা" + 0.001*"নি" + 0.001*"তোর" + 0.001*"ভালো" + 0.001*"দিয়ে" + 0.001*"আচ্ছা"
2025-07-08 13:07:35,764 - INFO - topic #6 (0.100): 0.006*"কথা" + 0.006*"হয়ে" + 0.004*"একটা" + 0.004*"ভাই" + 0.004*"নে" + 0.003*"নি" + 0.003*"ভালো" + 0.003*"দিয়ে" + 0.003*"জন্যে" + 0.003*"আচ্ছা"
2025-07-08 13:07:35,765 - INFO - topic #9 (0.100): 0.006*"হয়ে" + 0.006*"কথা" + 0.004*"দিয়ে" + 0.004*"নে" + 0.003*"নি" + 0.003*"রে" + 0.003*"ভাই" + 0.003*"তোমাদের" + 0.003*"তোমাকে" + 0.003*"যায়"
2025-07-08 13:07:35,766 - INFO - topic #7 (0.100): 0.003*"মোর" + 0.003*"ধর্ম" + 0.002*"মা" + 0.002*"হয়ে" + 0.002*"কথা" + 0.002*"কোথা" + 0.002*"নাহি" + 0.002*"আজি" + 0.001*"নহে" + 0.001*"তব"
2025-07-08 13:07:35,767 - INFO - topic #1 (0.100): 0.006*"কথা" + 0.004*"হয়ে" + 0.004*"ভাই" + 0.004*"নে" + 0.003*"দিয়ে" + 0.003*"ভালো" + 0.003*"করো" + 0.003*"তোর" + 0.002*"যায়" + 0.002*"মহারাজ"
2025-07-08 13:07:35,769 - INFO - topic diff=0.673672, rho=0.480847
2025-07-08 13:07:35,807 - DEBUG - bound: at document #0
2025-07-08 13:07:36,471 - INFO - -9.868 per-word bound, 934.6 perplexity estimate based on a held-out corpus of 65 documents with 256277 words
2025-07-08 13:07:36,472 - INFO - PROGRESS: pass 4, dispatched chunk #0 = documents up to #65/65, outstanding queue size 1
2025-07-08 13:07:36,522 - DEBUG - processing chunk #0 of 65 documents
2025-07-08 13:07:36,549 - DEBUG - performing inference on a chunk of 65 documents
2025-07-08 13:07:36,788 - DEBUG - 54/65 documents converged within 40 iterations
2025-07-08 13:07:36,794 - DEBUG - processed chunk, queuing the result
2025-07-08 13:07:36,794 - DEBUG - result put
2025-07-08 13:07:36,798 - DEBUG - getting a new job
2025-07-08 13:07:36,802 - DEBUG - updating topics
2025-07-08 13:07:36,855 - INFO - topic #8 (0.100): 0.008*"কথা" + 0.005*"নে" + 0.005*"হয়ে" + 0.005*"দিয়ে" + 0.004*"তোমাকে" + 0.004*"মহারাজ" + 0.003*"ভয়" + 0.003*"নি" + 0.003*"একটা" + 0.003*"ভালো"
2025-07-08 13:07:36,856 - INFO - topic #7 (0.100): 0.003*"মোর" + 0.003*"ধর্ম" + 0.003*"মা" + 0.002*"কোথা" + 0.002*"কথা" + 0.002*"হয়ে" + 0.002*"নাহি" + 0.002*"আজি" + 0.002*"নহে" + 0.001*"বন্ধু"
2025-07-08 13:07:36,857 - INFO - topic #4 (0.100): 0.005*"কথা" + 0.004*"সতীশ" + 0.003*"নে" + 0.003*"হয়ে" + 0.003*"দিয়ে" + 0.002*"তোর" + 0.002*"তোমাকে" + 0.002*"রে" + 0.002*"নি" + 0.002*"যায়"
2025-07-08 13:07:36,858 - INFO - topic #2 (0.100): 0.002*"নাম" + 0.001*"বাবা" + 0.001*"নে" + 0.001*"কথা" + 0.001*"তোর" + 0.001*"নি" + 0.001*"হয়ে" + 0.001*"ভিন্ন" + 0.001*"ক্যাঁক্" + 0.001*"হাঁস"
2025-07-08 13:07:36,859 - INFO - topic #1 (0.100): 0.006*"কথা" + 0.004*"হয়ে" + 0.004*"নে" + 0.004*"ভাই" + 0.003*"দিয়ে" + 0.003*"ভালো" + 0.003*"করো" + 0.002*"তোর" + 0.002*"মহারাজ" + 0.002*"যায়"
2025-07-08 13:07:36,861 - INFO - topic diff=0.401073, rho=0.433351
2025-07-08 13:07:36,900 - DEBUG - bound: at document #0
2025-07-08 13:07:37,574 - INFO - -9.824 per-word bound, 906.3 perplexity estimate based on a held-out corpus of 65 documents with 256277 words
2025-07-08 13:07:37,575 - INFO - PROGRESS: pass 5, dispatched chunk #0 = documents up to #65/65, outstanding queue size 1
2025-07-08 13:07:37,625 - DEBUG - processing chunk #0 of 65 documents
2025-07-08 13:07:37,652 - DEBUG - performing inference on a chunk of 65 documents
2025-07-08 13:07:37,891 - DEBUG - 52/65 documents converged within 40 iterations
2025-07-08 13:07:37,896 - DEBUG - processed chunk, queuing the result
2025-07-08 13:07:37,896 - DEBUG - result put
2025-07-08 13:07:37,899 - DEBUG - getting a new job
2025-07-08 13:07:37,903 - DEBUG - updating topics
2025-07-08 13:07:37,959 - INFO - topic #5 (0.100): 0.006*"রাজা" + 0.005*"হয়ে" + 0.004*"হে" + 0.004*"দিয়ে" + 0.003*"কথা" + 0.003*"যায়" + 0.003*"নে" + 0.002*"রে" + 0.002*"তোমাকে" + 0.002*"রাজার"
2025-07-08 13:07:37,960 - INFO - topic #9 (0.100): 0.006*"হয়ে" + 0.006*"কথা" + 0.004*"দিয়ে" + 0.004*"নে" + 0.003*"রে" + 0.003*"নি" + 0.003*"ভাই" + 0.003*"তোমাদের" + 0.003*"তোমাকে" + 0.003*"যায়"
2025-07-08 13:07:37,961 - INFO - topic #4 (0.100): 0.005*"কথা" + 0.005*"সতীশ" + 0.003*"নে" + 0.003*"হয়ে" + 0.003*"দিয়ে" + 0.002*"তোর" + 0.002*"তোমাকে" + 0.002*"রে" + 0.002*"নি" + 0.002*"মা"
2025-07-08 13:07:37,962 - INFO - topic #7 (0.100): 0.003*"ধর্ম" + 0.003*"মোর" + 0.003*"মা" + 0.002*"কোথা" + 0.002*"কথা" + 0.002*"নাহি" + 0.002*"হয়ে" + 0.002*"আজি" + 0.002*"নহে" + 0.002*"বন্ধু"
2025-07-08 13:07:37,963 - INFO - topic #0 (0.100): 0.003*"দিয়ে" + 0.003*"একটা" + 0.003*"হয়ে" + 0.002*"গুরুর" + 0.002*"মা" + 0.002*"কথা" + 0.002*"এক" + 0.002*"ভাই" + 0.002*"বড়ো" + 0.002*"হাতে"
2025-07-08 13:07:37,965 - INFO - topic diff=0.249115, rho=0.397621
2025-07-08 13:07:38,005 - DEBUG - bound: at document #0
2025-07-08 13:07:38,671 - INFO - -9.802 per-word bound, 892.5 perplexity estimate based on a held-out corpus of 65 documents with 256277 words
2025-07-08 13:07:38,672 - INFO - PROGRESS: pass 6, dispatched chunk #0 = documents up to #65/65, outstanding queue size 1
2025-07-08 13:07:38,720 - DEBUG - processing chunk #0 of 65 documents
2025-07-08 13:07:38,749 - DEBUG - performing inference on a chunk of 65 documents
2025-07-08 13:07:38,985 - DEBUG - 51/65 documents converged within 40 iterations
2025-07-08 13:07:38,990 - DEBUG - processed chunk, queuing the result
2025-07-08 13:07:38,990 - DEBUG - result put
2025-07-08 13:07:38,994 - DEBUG - getting a new job
2025-07-08 13:07:38,998 - DEBUG - updating topics
2025-07-08 13:07:39,052 - INFO - topic #9 (0.100): 0.006*"হয়ে" + 0.006*"কথা" + 0.004*"দিয়ে" + 0.004*"নে" + 0.003*"রে" + 0.003*"নি" + 0.003*"ভাই" + 0.003*"তোমাদের" + 0.003*"তোমাকে" + 0.003*"বাবা"
2025-07-08 13:07:39,054 - INFO - topic #2 (0.100): 0.002*"নাম" + 0.001*"বাবা" + 0.001*"ক্যাঁক্" + 0.001*"হাঁস" + 0.001*"ভিন্ন" + 0.001*"অস্বীকার" + 0.001*"কেমন" + 0.001*"তোর" + 0.001*"পা" + 0.001*"নে"
2025-07-08 13:07:39,055 - INFO - topic #7 (0.100): 0.003*"ধর্ম" + 0.003*"মোর" + 0.003*"মা" + 0.002*"কোথা" + 0.002*"নাহি" + 0.002*"আজি" + 0.002*"কথা" + 0.002*"নহে" + 0.002*"হয়ে" + 0.002*"বন্ধু"
2025-07-08 13:07:39,056 - INFO - topic #8 (0.100): 0.008*"কথা" + 0.005*"নে" + 0.005*"হয়ে" + 0.005*"দিয়ে" + 0.004*"তোমাকে" + 0.004*"মহারাজ" + 0.003*"ভয়" + 0.003*"নি" + 0.003*"একটা" + 0.003*"ভালো"
2025-07-08 13:07:39,056 - INFO - topic #3 (0.100): 0.003*"হয়ে" + 0.003*"কথা" + 0.002*"দিয়ে" + 0.002*"ভয়" + 0.002*"মন" + 0.002*"সখী" + 0.002*"মোর" + 0.002*"হে" + 0.002*"হায়" + 0.002*"দাও"
2025-07-08 13:07:39,058 - INFO - topic diff=0.160354, rho=0.369484
2025-07-08 13:07:39,098 - DEBUG - bound: at document #0
2025-07-08 13:07:39,764 - INFO - -9.789 per-word bound, 884.8 perplexity estimate based on a held-out corpus of 65 documents with 256277 words
2025-07-08 13:07:39,764 - INFO - PROGRESS: pass 7, dispatched chunk #0 = documents up to #65/65, outstanding queue size 1
2025-07-08 13:07:39,812 - DEBUG - processing chunk #0 of 65 documents
2025-07-08 13:07:39,840 - DEBUG - performing inference on a chunk of 65 documents
2025-07-08 13:07:40,079 - DEBUG - 52/65 documents converged within 40 iterations
2025-07-08 13:07:40,084 - DEBUG - processed chunk, queuing the result
2025-07-08 13:07:40,084 - DEBUG - result put
2025-07-08 13:07:40,088 - DEBUG - getting a new job
2025-07-08 13:07:40,092 - DEBUG - updating topics
2025-07-08 13:07:40,147 - INFO - topic #6 (0.100): 0.007*"কথা" + 0.006*"হয়ে" + 0.005*"একটা" + 0.004*"ভাই" + 0.004*"নে" + 0.004*"ভালো" + 0.003*"নি" + 0.003*"আচ্ছা" + 0.003*"দিয়ে" + 0.003*"বিয়ে"
2025-07-08 13:07:40,148 - INFO - topic #0 (0.100): 0.003*"দিয়ে" + 0.003*"একটা" + 0.002*"হয়ে" + 0.002*"গুরুর" + 0.002*"মা" + 0.002*"এক" + 0.002*"কথা" + 0.002*"বড়ো" + 0.002*"ভাই" + 0.002*"গুরু"
2025-07-08 13:07:40,149 - INFO - topic #7 (0.100): 0.003*"ধর্ম" + 0.003*"মোর" + 0.003*"মা" + 0.002*"কোথা" + 0.002*"নাহি" + 0.002*"আজি" + 0.002*"নহে" + 0.002*"কথা" + 0.002*"বন্ধু" + 0.002*"হয়ে"
2025-07-08 13:07:40,150 - INFO - topic #4 (0.100): 0.005*"কথা" + 0.005*"সতীশ" + 0.003*"নে" + 0.003*"হয়ে" + 0.003*"দিয়ে" + 0.002*"তোর" + 0.002*"তোমাকে" + 0.002*"রে" + 0.002*"নি" + 0.002*"মা"
2025-07-08 13:07:40,151 - INFO - topic #1 (0.100): 0.006*"কথা" + 0.004*"হয়ে" + 0.004*"নে" + 0.003*"ভাই" + 0.003*"দিয়ে" + 0.003*"করো" + 0.003*"ভালো" + 0.002*"তোর" + 0.002*"মহারাজ" + 0.002*"রে"
2025-07-08 13:07:40,153 - INFO - topic diff=0.106252, rho=0.346583
2025-07-08 13:07:40,192 - DEBUG - bound: at document #0
2025-07-08 13:07:40,880 - INFO - -9.782 per-word bound, 880.3 perplexity estimate based on a held-out corpus of 65 documents with 256277 words
2025-07-08 13:07:40,881 - INFO - PROGRESS: pass 8, dispatched chunk #0 = documents up to #65/65, outstanding queue size 1
2025-07-08 13:07:40,932 - DEBUG - processing chunk #0 of 65 documents
2025-07-08 13:07:40,959 - DEBUG - performing inference on a chunk of 65 documents
2025-07-08 13:07:41,210 - DEBUG - 53/65 documents converged within 40 iterations
2025-07-08 13:07:41,215 - DEBUG - processed chunk, queuing the result
2025-07-08 13:07:41,215 - DEBUG - result put
2025-07-08 13:07:41,218 - DEBUG - getting a new job
2025-07-08 13:07:41,222 - DEBUG - updating topics
2025-07-08 13:07:41,276 - INFO - topic #8 (0.100): 0.008*"কথা" + 0.005*"নে" + 0.005*"হয়ে" + 0.005*"দিয়ে" + 0.004*"তোমাকে" + 0.004*"মহারাজ" + 0.003*"ভয়" + 0.003*"নি" + 0.003*"একটা" + 0.003*"ভালো"
2025-07-08 13:07:41,278 - INFO - topic #6 (0.100): 0.007*"কথা" + 0.006*"হয়ে" + 0.005*"একটা" + 0.004*"ভাই" + 0.004*"নে" + 0.004*"ভালো" + 0.003*"নি" + 0.003*"বিয়ে" + 0.003*"আচ্ছা" + 0.003*"দিয়ে"
2025-07-08 13:07:41,278 - INFO - topic #5 (0.100): 0.006*"রাজা" + 0.005*"হয়ে" + 0.004*"হে" + 0.004*"দিয়ে" + 0.003*"কথা" + 0.003*"যায়" + 0.003*"নে" + 0.002*"রে" + 0.002*"তোমাকে" + 0.002*"রাজার"
2025-07-08 13:07:41,280 - INFO - topic #2 (0.100): 0.001*"নাম" + 0.001*"ক্যাঁক্" + 0.001*"হাঁস" + 0.001*"ভিন্ন" + 0.001*"বাবা" + 0.001*"অস্বীকার" + 0.001*"পা" + 0.001*"কেমন" + 0.001*"ব্যামো" + 0.001*"কাকে"
2025-07-08 13:07:41,282 - INFO - topic #0 (0.100): 0.003*"দিয়ে" + 0.003*"একটা" + 0.002*"হয়ে" + 0.002*"গুরুর" + 0.002*"মা" + 0.002*"এক" + 0.002*"কথা" + 0.002*"বড়ো" + 0.002*"ভাই" + 0.002*"গুরু"
2025-07-08 13:07:41,284 - INFO - topic diff=0.072099, rho=0.327473
2025-07-08 13:07:41,326 - DEBUG - bound: at document #0
2025-07-08 13:07:42,006 - INFO - -9.777 per-word bound, 877.4 perplexity estimate based on a held-out corpus of 65 documents with 256277 words
2025-07-08 13:07:42,007 - INFO - PROGRESS: pass 9, dispatched chunk #0 = documents up to #65/65, outstanding queue size 1
2025-07-08 13:07:42,055 - DEBUG - processing chunk #0 of 65 documents
2025-07-08 13:07:42,083 - DEBUG - performing inference on a chunk of 65 documents
2025-07-08 13:07:42,335 - DEBUG - 55/65 documents converged within 40 iterations
2025-07-08 13:07:42,339 - DEBUG - processed chunk, queuing the result
2025-07-08 13:07:42,339 - DEBUG - result put
2025-07-08 13:07:42,342 - DEBUG - getting a new job
2025-07-08 13:07:42,347 - DEBUG - updating topics
2025-07-08 13:07:42,401 - INFO - topic #2 (0.100): 0.001*"নাম" + 0.001*"ক্যাঁক্" + 0.001*"হাঁস" + 0.001*"ভিন্ন" + 0.001*"বাবা" + 0.001*"অস্বীকার" + 0.001*"পা" + 0.001*"ব্যামো" + 0.001*"কেমন" + 0.001*"কাকে"
2025-07-08 13:07:42,402 - INFO - topic #3 (0.100): 0.003*"হয়ে" + 0.003*"কথা" + 0.002*"ভয়" + 0.002*"দিয়ে" + 0.002*"সখী" + 0.002*"মন" + 0.002*"মোর" + 0.002*"হে" + 0.002*"হায়" + 0.002*"দাও"
2025-07-08 13:07:42,403 - INFO - topic #1 (0.100): 0.006*"কথা" + 0.004*"হয়ে" + 0.004*"নে" + 0.003*"ভাই" + 0.003*"করো" + 0.003*"দিয়ে" + 0.002*"ভালো" + 0.002*"মহারাজ" + 0.002*"তোর" + 0.002*"রে"
2025-07-08 13:07:42,403 - INFO - topic #8 (0.100): 0.008*"কথা" + 0.005*"নে" + 0.005*"হয়ে" + 0.005*"দিয়ে" + 0.004*"তোমাকে" + 0.004*"মহারাজ" + 0.003*"ভয়" + 0.003*"নি" + 0.003*"একটা" + 0.003*"ভালো"
2025-07-08 13:07:42,404 - INFO - topic #7 (0.100): 0.003*"ধর্ম" + 0.003*"মোর" + 0.003*"মা" + 0.002*"কোথা" + 0.002*"নাহি" + 0.002*"আজি" + 0.002*"নহে" + 0.002*"বন্ধু" + 0.002*"কথা" + 0.002*"তব"
2025-07-08 13:07:42,406 - INFO - topic diff=0.049949, rho=0.311211
2025-07-08 13:07:42,446 - DEBUG - bound: at document #0
2025-07-08 13:07:42,753 - INFO - 127.0.0.1 - - [08/Jul/2025 13:07:42] "GET /about HTTP/1.1" 200 -
2025-07-08 13:07:43,172 - INFO - 127.0.0.1 - - [08/Jul/2025 13:07:43] "[36mGET /static/css/anvay.css HTTP/1.1[0m" 304 -
2025-07-08 13:07:43,220 - INFO - -9.774 per-word bound, 875.4 perplexity estimate based on a held-out corpus of 65 documents with 256277 words
2025-07-08 13:07:43,242 - DEBUG - starting a new internal lifecycle event log for LdaMulticore
2025-07-08 13:07:43,243 - INFO - LdaMulticore lifecycle event {'msg': 'trained LdaMulticore<num_terms=67853, num_topics=10, decay=0.5, chunksize=200> in 13.61s', 'datetime': '2025-07-08T13:07:43.242868', 'gensim': '4.3.3', 'python': '3.9.0 (tags/v3.9.0:9cf6752, Oct  5 2020, 15:34:40) [MSC v.1927 64 bit (AMD64)]', 'platform': 'Windows-10-10.0.19041-SP0', 'event': 'created'}
2025-07-08 13:07:50,915 - INFO - 127.0.0.1 - - [08/Jul/2025 13:07:50] "POST /process HTTP/1.1" 200 -
2025-07-08 13:07:51,255 - INFO - 127.0.0.1 - - [08/Jul/2025 13:07:51] "[36mGET /static/css/anvay.css HTTP/1.1[0m" 304 -
2025-07-08 13:07:51,534 - INFO - 127.0.0.1 - - [08/Jul/2025 13:07:51] "GET /results/bokeh/scatter.html HTTP/1.1" 200 -
2025-07-08 13:07:51,612 - INFO - 127.0.0.1 - - [08/Jul/2025 13:07:51] "GET /results/seaborn/distribution.html HTTP/1.1" 200 -
2025-07-08 13:07:51,618 - INFO - 127.0.0.1 - - [08/Jul/2025 13:07:51] "GET /results/bokeh/bars.html HTTP/1.1" 200 -
2025-07-08 13:07:51,633 - INFO - 127.0.0.1 - - [08/Jul/2025 13:07:51] "GET /results/plotly/word_network.html HTTP/1.1" 200 -
2025-07-08 13:07:51,634 - INFO - 127.0.0.1 - - [08/Jul/2025 13:07:51] "GET /results/seaborn/evolution.html HTTP/1.1" 200 -
2025-07-08 13:07:51,634 - INFO - 127.0.0.1 - - [08/Jul/2025 13:07:51] "GET /results/seaborn/heatmap.html HTTP/1.1" 200 -
2025-07-08 13:07:51,877 - INFO - 127.0.0.1 - - [08/Jul/2025 13:07:51] "GET /results/plotly/prevalence_pie.html HTTP/1.1" 200 -
2025-07-08 13:07:51,988 - INFO - 127.0.0.1 - - [08/Jul/2025 13:07:51] "GET /results/seaborn/clustering.html HTTP/1.1" 200 -
